TimeQuest Timing Analyzer report for lab4
Sun Nov 22 19:20:55 2015
Quartus II 64-Bit Version 13.0.1 Build 232 06/12/2013 Service Pack 1 SJ Web Edition


---------------------
; Table of Contents ;
---------------------
  1. Legal Notice
  2. TimeQuest Timing Analyzer Summary
  3. Parallel Compilation
  4. Clocks
  5. Slow Model Fmax Summary
  6. Slow Model Setup Summary
  7. Slow Model Hold Summary
  8. Slow Model Recovery Summary
  9. Slow Model Removal Summary
 10. Slow Model Minimum Pulse Width Summary
 11. Slow Model Setup: 'CLK'
 12. Slow Model Setup: 'y_present.B'
 13. Slow Model Setup: 'START'
 14. Slow Model Hold: 'START'
 15. Slow Model Hold: 'y_present.B'
 16. Slow Model Hold: 'CLK'
 17. Slow Model Recovery: 'CLK'
 18. Slow Model Removal: 'CLK'
 19. Slow Model Minimum Pulse Width: 'CLK'
 20. Slow Model Minimum Pulse Width: 'START'
 21. Slow Model Minimum Pulse Width: 'y_present.B'
 22. Setup Times
 23. Hold Times
 24. Clock to Output Times
 25. Minimum Clock to Output Times
 26. Fast Model Setup Summary
 27. Fast Model Hold Summary
 28. Fast Model Recovery Summary
 29. Fast Model Removal Summary
 30. Fast Model Minimum Pulse Width Summary
 31. Fast Model Setup: 'CLK'
 32. Fast Model Setup: 'y_present.B'
 33. Fast Model Setup: 'START'
 34. Fast Model Hold: 'START'
 35. Fast Model Hold: 'y_present.B'
 36. Fast Model Hold: 'CLK'
 37. Fast Model Recovery: 'CLK'
 38. Fast Model Removal: 'CLK'
 39. Fast Model Minimum Pulse Width: 'CLK'
 40. Fast Model Minimum Pulse Width: 'START'
 41. Fast Model Minimum Pulse Width: 'y_present.B'
 42. Setup Times
 43. Hold Times
 44. Clock to Output Times
 45. Minimum Clock to Output Times
 46. Multicorner Timing Analysis Summary
 47. Setup Times
 48. Hold Times
 49. Clock to Output Times
 50. Minimum Clock to Output Times
 51. Setup Transfers
 52. Hold Transfers
 53. Recovery Transfers
 54. Removal Transfers
 55. Report TCCS
 56. Report RSKM
 57. Unconstrained Paths
 58. TimeQuest Timing Analyzer Messages



----------------
; Legal Notice ;
----------------
Copyright (C) 1991-2013 Altera Corporation
Your use of Altera Corporation's design tools, logic functions 
and other software and tools, and its AMPP partner logic 
functions, and any output files from any of the foregoing 
(including device programming or simulation files), and any 
associated documentation or information are expressly subject 
to the terms and conditions of the Altera Program License 
Subscription Agreement, Altera MegaCore Function License 
Agreement, or other applicable license agreement, including, 
without limitation, that your use is for the sole purpose of 
programming logic devices manufactured by Altera and sold by 
Altera or its authorized distributors.  Please refer to the 
applicable agreement for further details.



+----------------------------------------------------------------------------------------+
; TimeQuest Timing Analyzer Summary                                                      ;
+--------------------+-------------------------------------------------------------------+
; Quartus II Version ; Version 13.0.1 Build 232 06/12/2013 Service Pack 1 SJ Web Edition ;
; Revision Name      ; lab4                                                              ;
; Device Family      ; Cyclone II                                                        ;
; Device Name        ; EP2C20F484C7                                                      ;
; Timing Models      ; Final                                                             ;
; Delay Model        ; Combined                                                          ;
; Rise/Fall Delays   ; Unavailable                                                       ;
+--------------------+-------------------------------------------------------------------+


Parallel compilation was disabled, but you have multiple processors available. Enable parallel compilation to reduce compilation time.
+-------------------------------------+
; Parallel Compilation                ;
+----------------------------+--------+
; Processors                 ; Number ;
+----------------------------+--------+
; Number detected on machine ; 4      ;
; Maximum allowed            ; 1      ;
+----------------------------+--------+


+------------------------------------------------------------------------------------------------------------------------------------------------------------------------------------------+
; Clocks                                                                                                                                                                                   ;
+-------------+------+--------+------------+-------+-------+------------+-----------+-------------+-------+--------+-----------+------------+----------+--------+--------+-----------------+
; Clock Name  ; Type ; Period ; Frequency  ; Rise  ; Fall  ; Duty Cycle ; Divide by ; Multiply by ; Phase ; Offset ; Edge List ; Edge Shift ; Inverted ; Master ; Source ; Targets         ;
+-------------+------+--------+------------+-------+-------+------------+-----------+-------------+-------+--------+-----------+------------+----------+--------+--------+-----------------+
; CLK         ; Base ; 1.000  ; 1000.0 MHz ; 0.000 ; 0.500 ;            ;           ;             ;       ;        ;           ;            ;          ;        ;        ; { CLK }         ;
; START       ; Base ; 1.000  ; 1000.0 MHz ; 0.000 ; 0.500 ;            ;           ;             ;       ;        ;           ;            ;          ;        ;        ; { START }       ;
; y_present.B ; Base ; 1.000  ; 1000.0 MHz ; 0.000 ; 0.500 ;            ;           ;             ;       ;        ;           ;            ;          ;        ;        ; { y_present.B } ;
+-------------+------+--------+------------+-------+-------+------------+-----------+-------------+-------+--------+-----------+------------+----------+--------+--------+-----------------+


---------------------------
; Slow Model Fmax Summary ;
---------------------------
No paths to report.


+--------------------------------------+
; Slow Model Setup Summary             ;
+-------------+--------+---------------+
; Clock       ; Slack  ; End Point TNS ;
+-------------+--------+---------------+
; CLK         ; -2.799 ; -16.352       ;
; y_present.B ; -0.594 ; -1.040        ;
; START       ; -0.406 ; -0.797        ;
+-------------+--------+---------------+


+--------------------------------------+
; Slow Model Hold Summary              ;
+-------------+--------+---------------+
; Clock       ; Slack  ; End Point TNS ;
+-------------+--------+---------------+
; START       ; -2.477 ; -8.734        ;
; y_present.B ; -0.951 ; -1.899        ;
; CLK         ; 3.121  ; 0.000         ;
+-------------+--------+---------------+


+-------------------------------+
; Slow Model Recovery Summary   ;
+-------+-------+---------------+
; Clock ; Slack ; End Point TNS ;
+-------+-------+---------------+
; CLK   ; 0.237 ; 0.000         ;
+-------+-------+---------------+


+--------------------------------+
; Slow Model Removal Summary     ;
+-------+--------+---------------+
; Clock ; Slack  ; End Point TNS ;
+-------+--------+---------------+
; CLK   ; -0.003 ; -0.018        ;
+-------+--------+---------------+


+----------------------------------------+
; Slow Model Minimum Pulse Width Summary ;
+-------------+--------+-----------------+
; Clock       ; Slack  ; End Point TNS   ;
+-------------+--------+-----------------+
; CLK         ; -1.469 ; -10.023         ;
; START       ; -1.469 ; -1.469          ;
; y_present.B ; 0.500  ; 0.000           ;
+-------------+--------+-----------------+


+-------------------------------------------------------------------------------------------------------------+
; Slow Model Setup: 'CLK'                                                                                     ;
+--------+----------------+-------------+--------------+-------------+--------------+------------+------------+
; Slack  ; From Node      ; To Node     ; Launch Clock ; Latch Clock ; Relationship ; Clock Skew ; Data Delay ;
+--------+----------------+-------------+--------------+-------------+--------------+------------+------------+
; -2.799 ; y_next.C_76893 ; y_present.C ; START        ; CLK         ; 0.500        ; -3.241     ; 0.096      ;
; -2.799 ; y_next.B_84687 ; y_present.B ; START        ; CLK         ; 0.500        ; -3.241     ; 0.096      ;
; -2.796 ; y_next.D_69099 ; y_present.D ; START        ; CLK         ; 0.500        ; -3.238     ; 0.096      ;
; -2.795 ; y_next.F_53511 ; y_present.F ; START        ; CLK         ; 0.500        ; -3.237     ; 0.096      ;
; -2.794 ; y_next.E_61305 ; y_present.E ; START        ; CLK         ; 0.500        ; -3.236     ; 0.096      ;
; -2.369 ; y_next.G_45717 ; y_present.G ; START        ; CLK         ; 0.500        ; -2.811     ; 0.096      ;
+--------+----------------+-------------+--------------+-------------+--------------+------------+------------+


+-----------------------------------------------------------------------------------------------------------+
; Slow Model Setup: 'y_present.B'                                                                           ;
+--------+-------------+--------------+--------------+-------------+--------------+------------+------------+
; Slack  ; From Node   ; To Node      ; Launch Clock ; Latch Clock ; Relationship ; Clock Skew ; Data Delay ;
+--------+-------------+--------------+--------------+-------------+--------------+------------+------------+
; -0.594 ; y_present.G ; GR_SEL$latch ; CLK          ; y_present.B ; 0.500        ; 1.120      ; 0.835      ;
; -0.446 ; y_present.D ; TM_EN$latch  ; CLK          ; y_present.B ; 1.000        ; 1.426      ; 1.701      ;
; -0.309 ; y_present.G ; TM_EN$latch  ; CLK          ; y_present.B ; 1.000        ; 1.185      ; 1.323      ;
; 0.768  ; y_present.D ; P_SEL$latch  ; CLK          ; y_present.B ; 0.500        ; 2.294      ; 0.846      ;
; 0.811  ; y_present.D ; SR_SEL$latch ; CLK          ; y_present.B ; 0.500        ; 2.296      ; 0.845      ;
+--------+-------------+--------------+--------------+-------------+--------------+------------+------------+


+-------------------------------------------------------------------------------------------------------------+
; Slow Model Setup: 'START'                                                                                   ;
+--------+-------------+----------------+--------------+-------------+--------------+------------+------------+
; Slack  ; From Node   ; To Node        ; Launch Clock ; Latch Clock ; Relationship ; Clock Skew ; Data Delay ;
+--------+-------------+----------------+--------------+-------------+--------------+------------+------------+
; -0.406 ; y_present.A ; y_next.D_69099 ; CLK          ; START       ; 0.500        ; 3.238      ; 2.517      ;
; -0.391 ; y_present.A ; y_next.C_76893 ; CLK          ; START       ; 0.500        ; 3.241      ; 2.451      ;
; -0.344 ; y_present.D ; y_next.D_69099 ; CLK          ; START       ; 0.500        ; 3.238      ; 2.455      ;
; -0.329 ; y_present.D ; y_next.C_76893 ; CLK          ; START       ; 0.500        ; 3.241      ; 2.389      ;
; -0.044 ; y_present.E ; y_next.D_69099 ; CLK          ; START       ; 0.500        ; 3.238      ; 2.155      ;
; -0.030 ; y_present.E ; y_next.C_76893 ; CLK          ; START       ; 0.500        ; 3.241      ; 2.090      ;
; -0.015 ; y_present.F ; y_next.D_69099 ; CLK          ; START       ; 0.500        ; 3.238      ; 2.126      ;
; 0.000  ; y_present.F ; y_next.C_76893 ; CLK          ; START       ; 0.500        ; 3.241      ; 2.060      ;
; 0.189  ; y_present.D ; y_next.G_45717 ; CLK          ; START       ; 0.500        ; 3.052      ; 2.085      ;
; 0.371  ; y_present.D ; y_next.E_61305 ; CLK          ; START       ; 0.500        ; 3.236      ; 2.232      ;
; 0.377  ; y_present.D ; TC_EN$latch    ; CLK          ; START       ; 0.500        ; 2.940      ; 1.888      ;
; 0.379  ; y_present.G ; y_next.G_45717 ; CLK          ; START       ; 0.500        ; 2.811      ; 1.654      ;
; 0.397  ; y_present.D ; TM_EN$latch    ; CLK          ; START       ; 0.500        ; 2.769      ; 1.701      ;
; 0.404  ; y_present.D ; y_next.F_53511 ; CLK          ; START       ; 0.500        ; 3.237      ; 2.200      ;
; 0.534  ; y_present.G ; TM_EN$latch    ; CLK          ; START       ; 0.500        ; 2.528      ; 1.323      ;
; 0.732  ; y_present.A ; y_next.B_84687 ; CLK          ; START       ; 0.500        ; 3.241      ; 2.212      ;
; 0.900  ; y_present.F ; TM_IN$latch    ; CLK          ; START       ; 0.500        ; 2.808      ; 1.422      ;
; 0.953  ; y_present.C ; SOLVED$latch   ; CLK          ; START       ; 0.500        ; 2.797      ; 1.174      ;
; 2.180  ; y_present.B ; y_next.B_84687 ; y_present.B  ; START       ; 0.500        ; 5.514      ; 3.314      ;
; 2.680  ; y_present.B ; y_next.B_84687 ; y_present.B  ; START       ; 1.000        ; 5.514      ; 3.314      ;
+--------+-------------+----------------+--------------+-------------+--------------+------------+------------+


+-------------------------------------------------------------------------------------------------------------+
; Slow Model Hold: 'START'                                                                                    ;
+--------+-------------+----------------+--------------+-------------+--------------+------------+------------+
; Slack  ; From Node   ; To Node        ; Launch Clock ; Latch Clock ; Relationship ; Clock Skew ; Data Delay ;
+--------+-------------+----------------+--------------+-------------+--------------+------------+------------+
; -2.477 ; y_present.B ; y_next.B_84687 ; y_present.B  ; START       ; 0.000        ; 5.514      ; 3.314      ;
; -1.977 ; y_present.B ; y_next.B_84687 ; y_present.B  ; START       ; -0.500       ; 5.514      ; 3.314      ;
; -1.123 ; y_present.C ; SOLVED$latch   ; CLK          ; START       ; -0.500       ; 2.797      ; 1.174      ;
; -0.886 ; y_present.F ; TM_IN$latch    ; CLK          ; START       ; -0.500       ; 2.808      ; 1.422      ;
; -0.705 ; y_present.G ; TM_EN$latch    ; CLK          ; START       ; -0.500       ; 2.528      ; 1.323      ;
; -0.681 ; y_present.F ; y_next.C_76893 ; CLK          ; START       ; -0.500       ; 3.241      ; 2.060      ;
; -0.657 ; y_present.G ; y_next.G_45717 ; CLK          ; START       ; -0.500       ; 2.811      ; 1.654      ;
; -0.651 ; y_present.E ; y_next.C_76893 ; CLK          ; START       ; -0.500       ; 3.241      ; 2.090      ;
; -0.612 ; y_present.F ; y_next.D_69099 ; CLK          ; START       ; -0.500       ; 3.238      ; 2.126      ;
; -0.583 ; y_present.E ; y_next.D_69099 ; CLK          ; START       ; -0.500       ; 3.238      ; 2.155      ;
; -0.568 ; y_present.D ; TM_EN$latch    ; CLK          ; START       ; -0.500       ; 2.769      ; 1.701      ;
; -0.552 ; y_present.D ; TC_EN$latch    ; CLK          ; START       ; -0.500       ; 2.940      ; 1.888      ;
; -0.537 ; y_present.D ; y_next.F_53511 ; CLK          ; START       ; -0.500       ; 3.237      ; 2.200      ;
; -0.529 ; y_present.A ; y_next.B_84687 ; CLK          ; START       ; -0.500       ; 3.241      ; 2.212      ;
; -0.504 ; y_present.D ; y_next.E_61305 ; CLK          ; START       ; -0.500       ; 3.236      ; 2.232      ;
; -0.467 ; y_present.D ; y_next.G_45717 ; CLK          ; START       ; -0.500       ; 3.052      ; 2.085      ;
; -0.352 ; y_present.D ; y_next.C_76893 ; CLK          ; START       ; -0.500       ; 3.241      ; 2.389      ;
; -0.290 ; y_present.A ; y_next.C_76893 ; CLK          ; START       ; -0.500       ; 3.241      ; 2.451      ;
; -0.283 ; y_present.D ; y_next.D_69099 ; CLK          ; START       ; -0.500       ; 3.238      ; 2.455      ;
; -0.221 ; y_present.A ; y_next.D_69099 ; CLK          ; START       ; -0.500       ; 3.238      ; 2.517      ;
+--------+-------------+----------------+--------------+-------------+--------------+------------+------------+


+-----------------------------------------------------------------------------------------------------------+
; Slow Model Hold: 'y_present.B'                                                                            ;
+--------+-------------+--------------+--------------+-------------+--------------+------------+------------+
; Slack  ; From Node   ; To Node      ; Launch Clock ; Latch Clock ; Relationship ; Clock Skew ; Data Delay ;
+--------+-------------+--------------+--------------+-------------+--------------+------------+------------+
; -0.951 ; y_present.D ; SR_SEL$latch ; CLK          ; y_present.B ; -0.500       ; 2.296      ; 0.845      ;
; -0.948 ; y_present.D ; P_SEL$latch  ; CLK          ; y_present.B ; -0.500       ; 2.294      ; 0.846      ;
; 0.138  ; y_present.G ; TM_EN$latch  ; CLK          ; y_present.B ; 0.000        ; 1.185      ; 1.323      ;
; 0.215  ; y_present.G ; GR_SEL$latch ; CLK          ; y_present.B ; -0.500       ; 1.120      ; 0.835      ;
; 0.275  ; y_present.D ; TM_EN$latch  ; CLK          ; y_present.B ; 0.000        ; 1.426      ; 1.701      ;
+--------+-------------+--------------+--------------+-------------+--------------+------------+------------+


+------------------------------------------------------------------------------------------------------------+
; Slow Model Hold: 'CLK'                                                                                     ;
+-------+----------------+-------------+--------------+-------------+--------------+------------+------------+
; Slack ; From Node      ; To Node     ; Launch Clock ; Latch Clock ; Relationship ; Clock Skew ; Data Delay ;
+-------+----------------+-------------+--------------+-------------+--------------+------------+------------+
; 3.121 ; y_next.G_45717 ; y_present.G ; START        ; CLK         ; -0.500       ; -2.811     ; 0.096      ;
; 3.546 ; y_next.E_61305 ; y_present.E ; START        ; CLK         ; -0.500       ; -3.236     ; 0.096      ;
; 3.547 ; y_next.F_53511 ; y_present.F ; START        ; CLK         ; -0.500       ; -3.237     ; 0.096      ;
; 3.548 ; y_next.D_69099 ; y_present.D ; START        ; CLK         ; -0.500       ; -3.238     ; 0.096      ;
; 3.551 ; y_next.C_76893 ; y_present.C ; START        ; CLK         ; -0.500       ; -3.241     ; 0.096      ;
; 3.551 ; y_next.B_84687 ; y_present.B ; START        ; CLK         ; -0.500       ; -3.241     ; 0.096      ;
+-------+----------------+-------------+--------------+-------------+--------------+------------+------------+


+-------------------------------------------------------------------------------------------------------+
; Slow Model Recovery: 'CLK'                                                                            ;
+-------+-----------+-------------+--------------+-------------+--------------+------------+------------+
; Slack ; From Node ; To Node     ; Launch Clock ; Latch Clock ; Relationship ; Clock Skew ; Data Delay ;
+-------+-----------+-------------+--------------+-------------+--------------+------------+------------+
; 0.237 ; START     ; y_present.G ; START        ; CLK         ; 0.500        ; 2.514      ; 2.815      ;
; 0.255 ; START     ; y_present.A ; START        ; CLK         ; 0.500        ; 2.273      ; 2.556      ;
; 0.255 ; START     ; y_present.F ; START        ; CLK         ; 0.500        ; 2.273      ; 2.556      ;
; 0.255 ; START     ; y_present.C ; START        ; CLK         ; 0.500        ; 2.273      ; 2.556      ;
; 0.255 ; START     ; y_present.E ; START        ; CLK         ; 0.500        ; 2.273      ; 2.556      ;
; 0.255 ; START     ; y_present.D ; START        ; CLK         ; 0.500        ; 2.273      ; 2.556      ;
; 0.255 ; START     ; y_present.B ; START        ; CLK         ; 0.500        ; 2.273      ; 2.556      ;
; 0.737 ; START     ; y_present.G ; START        ; CLK         ; 1.000        ; 2.514      ; 2.815      ;
; 0.755 ; START     ; y_present.A ; START        ; CLK         ; 1.000        ; 2.273      ; 2.556      ;
; 0.755 ; START     ; y_present.F ; START        ; CLK         ; 1.000        ; 2.273      ; 2.556      ;
; 0.755 ; START     ; y_present.C ; START        ; CLK         ; 1.000        ; 2.273      ; 2.556      ;
; 0.755 ; START     ; y_present.E ; START        ; CLK         ; 1.000        ; 2.273      ; 2.556      ;
; 0.755 ; START     ; y_present.D ; START        ; CLK         ; 1.000        ; 2.273      ; 2.556      ;
; 0.755 ; START     ; y_present.B ; START        ; CLK         ; 1.000        ; 2.273      ; 2.556      ;
+-------+-----------+-------------+--------------+-------------+--------------+------------+------------+


+--------------------------------------------------------------------------------------------------------+
; Slow Model Removal: 'CLK'                                                                              ;
+--------+-----------+-------------+--------------+-------------+--------------+------------+------------+
; Slack  ; From Node ; To Node     ; Launch Clock ; Latch Clock ; Relationship ; Clock Skew ; Data Delay ;
+--------+-----------+-------------+--------------+-------------+--------------+------------+------------+
; -0.003 ; START     ; y_present.A ; START        ; CLK         ; 0.000        ; 2.273      ; 2.556      ;
; -0.003 ; START     ; y_present.F ; START        ; CLK         ; 0.000        ; 2.273      ; 2.556      ;
; -0.003 ; START     ; y_present.C ; START        ; CLK         ; 0.000        ; 2.273      ; 2.556      ;
; -0.003 ; START     ; y_present.E ; START        ; CLK         ; 0.000        ; 2.273      ; 2.556      ;
; -0.003 ; START     ; y_present.D ; START        ; CLK         ; 0.000        ; 2.273      ; 2.556      ;
; -0.003 ; START     ; y_present.B ; START        ; CLK         ; 0.000        ; 2.273      ; 2.556      ;
; 0.015  ; START     ; y_present.G ; START        ; CLK         ; 0.000        ; 2.514      ; 2.815      ;
; 0.497  ; START     ; y_present.A ; START        ; CLK         ; -0.500       ; 2.273      ; 2.556      ;
; 0.497  ; START     ; y_present.F ; START        ; CLK         ; -0.500       ; 2.273      ; 2.556      ;
; 0.497  ; START     ; y_present.C ; START        ; CLK         ; -0.500       ; 2.273      ; 2.556      ;
; 0.497  ; START     ; y_present.E ; START        ; CLK         ; -0.500       ; 2.273      ; 2.556      ;
; 0.497  ; START     ; y_present.D ; START        ; CLK         ; -0.500       ; 2.273      ; 2.556      ;
; 0.497  ; START     ; y_present.B ; START        ; CLK         ; -0.500       ; 2.273      ; 2.556      ;
; 0.515  ; START     ; y_present.G ; START        ; CLK         ; -0.500       ; 2.514      ; 2.815      ;
+--------+-----------+-------------+--------------+-------------+--------------+------------+------------+


+--------------------------------------------------------------------------------------------------+
; Slow Model Minimum Pulse Width: 'CLK'                                                            ;
+--------+--------------+----------------+------------------+-------+------------+-----------------+
; Slack  ; Actual Width ; Required Width ; Type             ; Clock ; Clock Edge ; Target          ;
+--------+--------------+----------------+------------------+-------+------------+-----------------+
; -1.469 ; 1.000        ; 2.469          ; Port Rate        ; CLK   ; Rise       ; CLK             ;
; -0.611 ; 0.500        ; 1.111          ; High Pulse Width ; CLK   ; Rise       ; y_present.A     ;
; -0.611 ; 0.500        ; 1.111          ; Low Pulse Width  ; CLK   ; Rise       ; y_present.A     ;
; -0.611 ; 0.500        ; 1.111          ; High Pulse Width ; CLK   ; Rise       ; y_present.B     ;
; -0.611 ; 0.500        ; 1.111          ; Low Pulse Width  ; CLK   ; Rise       ; y_present.B     ;
; -0.611 ; 0.500        ; 1.111          ; High Pulse Width ; CLK   ; Rise       ; y_present.C     ;
; -0.611 ; 0.500        ; 1.111          ; Low Pulse Width  ; CLK   ; Rise       ; y_present.C     ;
; -0.611 ; 0.500        ; 1.111          ; High Pulse Width ; CLK   ; Rise       ; y_present.D     ;
; -0.611 ; 0.500        ; 1.111          ; Low Pulse Width  ; CLK   ; Rise       ; y_present.D     ;
; -0.611 ; 0.500        ; 1.111          ; High Pulse Width ; CLK   ; Rise       ; y_present.E     ;
; -0.611 ; 0.500        ; 1.111          ; Low Pulse Width  ; CLK   ; Rise       ; y_present.E     ;
; -0.611 ; 0.500        ; 1.111          ; High Pulse Width ; CLK   ; Rise       ; y_present.F     ;
; -0.611 ; 0.500        ; 1.111          ; Low Pulse Width  ; CLK   ; Rise       ; y_present.F     ;
; -0.611 ; 0.500        ; 1.111          ; High Pulse Width ; CLK   ; Rise       ; y_present.G     ;
; -0.611 ; 0.500        ; 1.111          ; Low Pulse Width  ; CLK   ; Rise       ; y_present.G     ;
; 0.500  ; 0.500        ; 0.000          ; High Pulse Width ; CLK   ; Rise       ; CLK|combout     ;
; 0.500  ; 0.500        ; 0.000          ; Low Pulse Width  ; CLK   ; Rise       ; CLK|combout     ;
; 0.500  ; 0.500        ; 0.000          ; High Pulse Width ; CLK   ; Rise       ; y_present.A|clk ;
; 0.500  ; 0.500        ; 0.000          ; Low Pulse Width  ; CLK   ; Rise       ; y_present.A|clk ;
; 0.500  ; 0.500        ; 0.000          ; High Pulse Width ; CLK   ; Rise       ; y_present.B|clk ;
; 0.500  ; 0.500        ; 0.000          ; Low Pulse Width  ; CLK   ; Rise       ; y_present.B|clk ;
; 0.500  ; 0.500        ; 0.000          ; High Pulse Width ; CLK   ; Rise       ; y_present.C|clk ;
; 0.500  ; 0.500        ; 0.000          ; Low Pulse Width  ; CLK   ; Rise       ; y_present.C|clk ;
; 0.500  ; 0.500        ; 0.000          ; High Pulse Width ; CLK   ; Rise       ; y_present.D|clk ;
; 0.500  ; 0.500        ; 0.000          ; Low Pulse Width  ; CLK   ; Rise       ; y_present.D|clk ;
; 0.500  ; 0.500        ; 0.000          ; High Pulse Width ; CLK   ; Rise       ; y_present.E|clk ;
; 0.500  ; 0.500        ; 0.000          ; Low Pulse Width  ; CLK   ; Rise       ; y_present.E|clk ;
; 0.500  ; 0.500        ; 0.000          ; High Pulse Width ; CLK   ; Rise       ; y_present.F|clk ;
; 0.500  ; 0.500        ; 0.000          ; Low Pulse Width  ; CLK   ; Rise       ; y_present.F|clk ;
; 0.500  ; 0.500        ; 0.000          ; High Pulse Width ; CLK   ; Rise       ; y_present.G|clk ;
; 0.500  ; 0.500        ; 0.000          ; Low Pulse Width  ; CLK   ; Rise       ; y_present.G|clk ;
+--------+--------------+----------------+------------------+-------+------------+-----------------+


+---------------------------------------------------------------------------------------------------------------+
; Slow Model Minimum Pulse Width: 'START'                                                                       ;
+--------+--------------+----------------+------------------+-------+------------+------------------------------+
; Slack  ; Actual Width ; Required Width ; Type             ; Clock ; Clock Edge ; Target                       ;
+--------+--------------+----------------+------------------+-------+------------+------------------------------+
; -1.469 ; 1.000        ; 2.469          ; Port Rate        ; START ; Rise       ; START                        ;
; 0.500  ; 0.500        ; 0.000          ; High Pulse Width ; START ; Fall       ; SOLVED$latch                 ;
; 0.500  ; 0.500        ; 0.000          ; Low Pulse Width  ; START ; Fall       ; SOLVED$latch                 ;
; 0.500  ; 0.500        ; 0.000          ; High Pulse Width ; START ; Rise       ; SOLVED$latch|dataa           ;
; 0.500  ; 0.500        ; 0.000          ; Low Pulse Width  ; START ; Rise       ; SOLVED$latch|dataa           ;
; 0.500  ; 0.500        ; 0.000          ; High Pulse Width ; START ; Rise       ; START|combout                ;
; 0.500  ; 0.500        ; 0.000          ; Low Pulse Width  ; START ; Rise       ; START|combout                ;
; 0.500  ; 0.500        ; 0.000          ; High Pulse Width ; START ; Rise       ; Selector11~0|combout         ;
; 0.500  ; 0.500        ; 0.000          ; Low Pulse Width  ; START ; Rise       ; Selector11~0|combout         ;
; 0.500  ; 0.500        ; 0.000          ; High Pulse Width ; START ; Rise       ; Selector11~0|datab           ;
; 0.500  ; 0.500        ; 0.000          ; Low Pulse Width  ; START ; Rise       ; Selector11~0|datab           ;
; 0.500  ; 0.500        ; 0.000          ; High Pulse Width ; START ; Rise       ; Selector11~1clkctrl|inclk[0] ;
; 0.500  ; 0.500        ; 0.000          ; Low Pulse Width  ; START ; Rise       ; Selector11~1clkctrl|inclk[0] ;
; 0.500  ; 0.500        ; 0.000          ; High Pulse Width ; START ; Rise       ; Selector11~1clkctrl|outclk   ;
; 0.500  ; 0.500        ; 0.000          ; Low Pulse Width  ; START ; Rise       ; Selector11~1clkctrl|outclk   ;
; 0.500  ; 0.500        ; 0.000          ; High Pulse Width ; START ; Rise       ; Selector11~1|combout         ;
; 0.500  ; 0.500        ; 0.000          ; Low Pulse Width  ; START ; Rise       ; Selector11~1|combout         ;
; 0.500  ; 0.500        ; 0.000          ; High Pulse Width ; START ; Rise       ; Selector11~1|datac           ;
; 0.500  ; 0.500        ; 0.000          ; Low Pulse Width  ; START ; Rise       ; Selector11~1|datac           ;
; 0.500  ; 0.500        ; 0.000          ; High Pulse Width ; START ; Rise       ; Selector13~0|combout         ;
; 0.500  ; 0.500        ; 0.000          ; Low Pulse Width  ; START ; Rise       ; Selector13~0|combout         ;
; 0.500  ; 0.500        ; 0.000          ; High Pulse Width ; START ; Rise       ; Selector13~0|dataa           ;
; 0.500  ; 0.500        ; 0.000          ; Low Pulse Width  ; START ; Rise       ; Selector13~0|dataa           ;
; 0.500  ; 0.500        ; 0.000          ; High Pulse Width ; START ; Rise       ; Selector7~0|combout          ;
; 0.500  ; 0.500        ; 0.000          ; Low Pulse Width  ; START ; Rise       ; Selector7~0|combout          ;
; 0.500  ; 0.500        ; 0.000          ; High Pulse Width ; START ; Rise       ; Selector7~0|dataa            ;
; 0.500  ; 0.500        ; 0.000          ; Low Pulse Width  ; START ; Rise       ; Selector7~0|dataa            ;
; 0.500  ; 0.500        ; 0.000          ; High Pulse Width ; START ; Rise       ; Selector9~0|combout          ;
; 0.500  ; 0.500        ; 0.000          ; Low Pulse Width  ; START ; Rise       ; Selector9~0|combout          ;
; 0.500  ; 0.500        ; 0.000          ; High Pulse Width ; START ; Rise       ; Selector9~0|datab            ;
; 0.500  ; 0.500        ; 0.000          ; Low Pulse Width  ; START ; Rise       ; Selector9~0|datab            ;
; 0.500  ; 0.500        ; 0.000          ; High Pulse Width ; START ; Fall       ; TC_EN$latch                  ;
; 0.500  ; 0.500        ; 0.000          ; Low Pulse Width  ; START ; Fall       ; TC_EN$latch                  ;
; 0.500  ; 0.500        ; 0.000          ; High Pulse Width ; START ; Rise       ; TC_EN$latch|datab            ;
; 0.500  ; 0.500        ; 0.000          ; Low Pulse Width  ; START ; Rise       ; TC_EN$latch|datab            ;
; 0.500  ; 0.500        ; 0.000          ; High Pulse Width ; START ; Fall       ; TM_EN$latch                  ;
; 0.500  ; 0.500        ; 0.000          ; Low Pulse Width  ; START ; Fall       ; TM_EN$latch                  ;
; 0.500  ; 0.500        ; 0.000          ; High Pulse Width ; START ; Rise       ; TM_EN$latch|dataa            ;
; 0.500  ; 0.500        ; 0.000          ; Low Pulse Width  ; START ; Rise       ; TM_EN$latch|dataa            ;
; 0.500  ; 0.500        ; 0.000          ; High Pulse Width ; START ; Fall       ; TM_IN$latch                  ;
; 0.500  ; 0.500        ; 0.000          ; Low Pulse Width  ; START ; Fall       ; TM_IN$latch                  ;
; 0.500  ; 0.500        ; 0.000          ; High Pulse Width ; START ; Rise       ; TM_IN$latch|datab            ;
; 0.500  ; 0.500        ; 0.000          ; Low Pulse Width  ; START ; Rise       ; TM_IN$latch|datab            ;
; 0.500  ; 0.500        ; 0.000          ; High Pulse Width ; START ; Fall       ; y_next.B_84687               ;
; 0.500  ; 0.500        ; 0.000          ; Low Pulse Width  ; START ; Fall       ; y_next.B_84687               ;
; 0.500  ; 0.500        ; 0.000          ; High Pulse Width ; START ; Rise       ; y_next.B_84687|datac         ;
; 0.500  ; 0.500        ; 0.000          ; Low Pulse Width  ; START ; Rise       ; y_next.B_84687|datac         ;
; 0.500  ; 0.500        ; 0.000          ; High Pulse Width ; START ; Fall       ; y_next.C_76893               ;
; 0.500  ; 0.500        ; 0.000          ; Low Pulse Width  ; START ; Fall       ; y_next.C_76893               ;
; 0.500  ; 0.500        ; 0.000          ; High Pulse Width ; START ; Rise       ; y_next.C_76893|datac         ;
; 0.500  ; 0.500        ; 0.000          ; Low Pulse Width  ; START ; Rise       ; y_next.C_76893|datac         ;
; 0.500  ; 0.500        ; 0.000          ; High Pulse Width ; START ; Fall       ; y_next.D_69099               ;
; 0.500  ; 0.500        ; 0.000          ; Low Pulse Width  ; START ; Fall       ; y_next.D_69099               ;
; 0.500  ; 0.500        ; 0.000          ; High Pulse Width ; START ; Rise       ; y_next.D_69099|datac         ;
; 0.500  ; 0.500        ; 0.000          ; Low Pulse Width  ; START ; Rise       ; y_next.D_69099|datac         ;
; 0.500  ; 0.500        ; 0.000          ; High Pulse Width ; START ; Fall       ; y_next.E_61305               ;
; 0.500  ; 0.500        ; 0.000          ; Low Pulse Width  ; START ; Fall       ; y_next.E_61305               ;
; 0.500  ; 0.500        ; 0.000          ; High Pulse Width ; START ; Rise       ; y_next.E_61305|datac         ;
; 0.500  ; 0.500        ; 0.000          ; Low Pulse Width  ; START ; Rise       ; y_next.E_61305|datac         ;
; 0.500  ; 0.500        ; 0.000          ; High Pulse Width ; START ; Fall       ; y_next.F_53511               ;
; 0.500  ; 0.500        ; 0.000          ; Low Pulse Width  ; START ; Fall       ; y_next.F_53511               ;
; 0.500  ; 0.500        ; 0.000          ; High Pulse Width ; START ; Rise       ; y_next.F_53511|datac         ;
; 0.500  ; 0.500        ; 0.000          ; Low Pulse Width  ; START ; Rise       ; y_next.F_53511|datac         ;
; 0.500  ; 0.500        ; 0.000          ; High Pulse Width ; START ; Fall       ; y_next.G_45717               ;
; 0.500  ; 0.500        ; 0.000          ; Low Pulse Width  ; START ; Fall       ; y_next.G_45717               ;
; 0.500  ; 0.500        ; 0.000          ; High Pulse Width ; START ; Rise       ; y_next.G_45717|datad         ;
; 0.500  ; 0.500        ; 0.000          ; Low Pulse Width  ; START ; Rise       ; y_next.G_45717|datad         ;
+--------+--------------+----------------+------------------+-------+------------+------------------------------+


+-----------------------------------------------------------------------------------------------------------------+
; Slow Model Minimum Pulse Width: 'y_present.B'                                                                   ;
+-------+--------------+----------------+------------------+-------------+------------+---------------------------+
; Slack ; Actual Width ; Required Width ; Type             ; Clock       ; Clock Edge ; Target                    ;
+-------+--------------+----------------+------------------+-------------+------------+---------------------------+
; 0.500 ; 0.500        ; 0.000          ; High Pulse Width ; y_present.B ; Fall       ; GR_SEL$latch              ;
; 0.500 ; 0.500        ; 0.000          ; Low Pulse Width  ; y_present.B ; Fall       ; GR_SEL$latch              ;
; 0.500 ; 0.500        ; 0.000          ; High Pulse Width ; y_present.B ; Fall       ; GR_SEL$latch|dataa        ;
; 0.500 ; 0.500        ; 0.000          ; Low Pulse Width  ; y_present.B ; Fall       ; GR_SEL$latch|dataa        ;
; 0.500 ; 0.500        ; 0.000          ; High Pulse Width ; y_present.B ; Fall       ; P_SEL$latch               ;
; 0.500 ; 0.500        ; 0.000          ; Low Pulse Width  ; y_present.B ; Fall       ; P_SEL$latch               ;
; 0.500 ; 0.500        ; 0.000          ; High Pulse Width ; y_present.B ; Rise       ; P_SEL$latch|datac         ;
; 0.500 ; 0.500        ; 0.000          ; Low Pulse Width  ; y_present.B ; Rise       ; P_SEL$latch|datac         ;
; 0.500 ; 0.500        ; 0.000          ; High Pulse Width ; y_present.B ; Fall       ; SR_SEL$latch              ;
; 0.500 ; 0.500        ; 0.000          ; Low Pulse Width  ; y_present.B ; Fall       ; SR_SEL$latch              ;
; 0.500 ; 0.500        ; 0.000          ; High Pulse Width ; y_present.B ; Rise       ; SR_SEL$latch|datac        ;
; 0.500 ; 0.500        ; 0.000          ; Low Pulse Width  ; y_present.B ; Rise       ; SR_SEL$latch|datac        ;
; 0.500 ; 0.500        ; 0.000          ; High Pulse Width ; y_present.B ; Fall       ; Selector11~0|combout      ;
; 0.500 ; 0.500        ; 0.000          ; Low Pulse Width  ; y_present.B ; Fall       ; Selector11~0|combout      ;
; 0.500 ; 0.500        ; 0.000          ; High Pulse Width ; y_present.B ; Rise       ; Selector11~0|datac        ;
; 0.500 ; 0.500        ; 0.000          ; Low Pulse Width  ; y_present.B ; Rise       ; Selector11~0|datac        ;
; 0.500 ; 0.500        ; 0.000          ; High Pulse Width ; y_present.B ; Rise       ; TM_EN$latch               ;
; 0.500 ; 0.500        ; 0.000          ; Low Pulse Width  ; y_present.B ; Rise       ; TM_EN$latch               ;
; 0.500 ; 0.500        ; 0.000          ; High Pulse Width ; y_present.B ; Fall       ; TM_EN$latch|dataa         ;
; 0.500 ; 0.500        ; 0.000          ; Low Pulse Width  ; y_present.B ; Fall       ; TM_EN$latch|dataa         ;
; 0.500 ; 0.500        ; 0.000          ; High Pulse Width ; y_present.B ; Fall       ; WideOr3~0|combout         ;
; 0.500 ; 0.500        ; 0.000          ; Low Pulse Width  ; y_present.B ; Fall       ; WideOr3~0|combout         ;
; 0.500 ; 0.500        ; 0.000          ; High Pulse Width ; y_present.B ; Rise       ; WideOr3~0|datad           ;
; 0.500 ; 0.500        ; 0.000          ; Low Pulse Width  ; y_present.B ; Rise       ; WideOr3~0|datad           ;
; 0.500 ; 0.500        ; 0.000          ; High Pulse Width ; y_present.B ; Rise       ; WideOr4~0clkctrl|inclk[0] ;
; 0.500 ; 0.500        ; 0.000          ; Low Pulse Width  ; y_present.B ; Rise       ; WideOr4~0clkctrl|inclk[0] ;
; 0.500 ; 0.500        ; 0.000          ; High Pulse Width ; y_present.B ; Rise       ; WideOr4~0clkctrl|outclk   ;
; 0.500 ; 0.500        ; 0.000          ; Low Pulse Width  ; y_present.B ; Rise       ; WideOr4~0clkctrl|outclk   ;
; 0.500 ; 0.500        ; 0.000          ; High Pulse Width ; y_present.B ; Rise       ; WideOr4~0|combout         ;
; 0.500 ; 0.500        ; 0.000          ; Low Pulse Width  ; y_present.B ; Rise       ; WideOr4~0|combout         ;
; 0.500 ; 0.500        ; 0.000          ; High Pulse Width ; y_present.B ; Rise       ; WideOr4~0|datac           ;
; 0.500 ; 0.500        ; 0.000          ; Low Pulse Width  ; y_present.B ; Rise       ; WideOr4~0|datac           ;
; 0.500 ; 0.500        ; 0.000          ; High Pulse Width ; y_present.B ; Rise       ; y_present.B|regout        ;
; 0.500 ; 0.500        ; 0.000          ; Low Pulse Width  ; y_present.B ; Rise       ; y_present.B|regout        ;
+-------+--------------+----------------+------------------+-------------+------------+---------------------------+


+-----------------------------------------------------------------------+
; Setup Times                                                           ;
+-----------+------------+-------+-------+------------+-----------------+
; Data Port ; Clock Port ; Rise  ; Fall  ; Clock Edge ; Clock Reference ;
+-----------+------------+-------+-------+------------+-----------------+
; READY     ; START      ; 3.996 ; 3.996 ; Fall       ; START           ;
; SC_CMP    ; START      ; 3.543 ; 3.543 ; Fall       ; START           ;
; TC_LAST   ; START      ; 3.442 ; 3.442 ; Fall       ; START           ;
+-----------+------------+-------+-------+------------+-----------------+


+-------------------------------------------------------------------------+
; Hold Times                                                              ;
+-----------+------------+--------+--------+------------+-----------------+
; Data Port ; Clock Port ; Rise   ; Fall   ; Clock Edge ; Clock Reference ;
+-----------+------------+--------+--------+------------+-----------------+
; READY     ; START      ; -2.223 ; -2.223 ; Fall       ; START           ;
; SC_CMP    ; START      ; -1.846 ; -1.846 ; Fall       ; START           ;
; TC_LAST   ; START      ; -1.774 ; -1.774 ; Fall       ; START           ;
+-----------+------------+--------+--------+------------+-----------------+


+------------------------------------------------------------------------+
; Clock to Output Times                                                  ;
+-----------+-------------+-------+-------+------------+-----------------+
; Data Port ; Clock Port  ; Rise  ; Fall  ; Clock Edge ; Clock Reference ;
+-----------+-------------+-------+-------+------------+-----------------+
; SOLVED    ; START       ; 8.438 ; 8.438 ; Fall       ; START           ;
; TC_EN     ; START       ; 8.983 ; 8.983 ; Fall       ; START           ;
; TM_EN     ; START       ; 8.803 ; 8.803 ; Fall       ; START           ;
; TM_IN     ; START       ; 8.922 ; 8.922 ; Fall       ; START           ;
; TM_EN     ; y_present.B ; 7.460 ; 7.460 ; Rise       ; y_present.B     ;
; GR_LD     ; y_present.B ; 8.525 ; 8.525 ; Fall       ; y_present.B     ;
; GR_SEL    ; y_present.B ; 7.395 ; 7.395 ; Fall       ; y_present.B     ;
; P_SEL     ; y_present.B ; 7.946 ; 7.946 ; Fall       ; y_present.B     ;
; SR_LD     ; y_present.B ; 8.515 ; 8.515 ; Fall       ; y_present.B     ;
; SR_SEL    ; y_present.B ; 8.485 ; 8.485 ; Fall       ; y_present.B     ;
+-----------+-------------+-------+-------+------------+-----------------+


+------------------------------------------------------------------------+
; Minimum Clock to Output Times                                          ;
+-----------+-------------+-------+-------+------------+-----------------+
; Data Port ; Clock Port  ; Rise  ; Fall  ; Clock Edge ; Clock Reference ;
+-----------+-------------+-------+-------+------------+-----------------+
; SOLVED    ; START       ; 8.438 ; 8.438 ; Fall       ; START           ;
; TC_EN     ; START       ; 8.983 ; 8.983 ; Fall       ; START           ;
; TM_EN     ; START       ; 8.803 ; 8.803 ; Fall       ; START           ;
; TM_IN     ; START       ; 8.922 ; 8.922 ; Fall       ; START           ;
; TM_EN     ; y_present.B ; 7.460 ; 7.460 ; Rise       ; y_present.B     ;
; GR_LD     ; y_present.B ; 8.525 ; 8.525 ; Fall       ; y_present.B     ;
; GR_SEL    ; y_present.B ; 7.395 ; 7.395 ; Fall       ; y_present.B     ;
; P_SEL     ; y_present.B ; 7.946 ; 7.946 ; Fall       ; y_present.B     ;
; SR_LD     ; y_present.B ; 8.515 ; 8.515 ; Fall       ; y_present.B     ;
; SR_SEL    ; y_present.B ; 8.485 ; 8.485 ; Fall       ; y_present.B     ;
+-----------+-------------+-------+-------+------------+-----------------+


+--------------------------------------+
; Fast Model Setup Summary             ;
+-------------+--------+---------------+
; Clock       ; Slack  ; End Point TNS ;
+-------------+--------+---------------+
; CLK         ; -1.180 ; -6.918        ;
; y_present.B ; -0.247 ; -0.247        ;
; START       ; 0.321  ; 0.000         ;
+-------------+--------+---------------+


+--------------------------------------+
; Fast Model Hold Summary              ;
+-------------+--------+---------------+
; Clock       ; Slack  ; End Point TNS ;
+-------------+--------+---------------+
; START       ; -1.713 ; -3.361        ;
; y_present.B ; -0.256 ; -0.512        ;
; CLK         ; 1.901  ; 0.000         ;
+-------------+--------+---------------+


+-------------------------------+
; Fast Model Recovery Summary   ;
+-------+-------+---------------+
; Clock ; Slack ; End Point TNS ;
+-------+-------+---------------+
; CLK   ; 0.371 ; 0.000         ;
+-------+-------+---------------+


+-------------------------------+
; Fast Model Removal Summary    ;
+-------+-------+---------------+
; Clock ; Slack ; End Point TNS ;
+-------+-------+---------------+
; CLK   ; 0.000 ; 0.000         ;
+-------+-------+---------------+


+----------------------------------------+
; Fast Model Minimum Pulse Width Summary ;
+-------------+--------+-----------------+
; Clock       ; Slack  ; End Point TNS   ;
+-------------+--------+-----------------+
; CLK         ; -1.222 ; -8.222          ;
; START       ; -1.222 ; -1.222          ;
; y_present.B ; 0.500  ; 0.000           ;
+-------------+--------+-----------------+


+-------------------------------------------------------------------------------------------------------------+
; Fast Model Setup: 'CLK'                                                                                     ;
+--------+----------------+-------------+--------------+-------------+--------------+------------+------------+
; Slack  ; From Node      ; To Node     ; Launch Clock ; Latch Clock ; Relationship ; Clock Skew ; Data Delay ;
+--------+----------------+-------------+--------------+-------------+--------------+------------+------------+
; -1.180 ; y_next.C_76893 ; y_present.C ; START        ; CLK         ; 0.500        ; -1.670     ; 0.042      ;
; -1.180 ; y_next.D_69099 ; y_present.D ; START        ; CLK         ; 0.500        ; -1.670     ; 0.042      ;
; -1.180 ; y_next.B_84687 ; y_present.B ; START        ; CLK         ; 0.500        ; -1.670     ; 0.042      ;
; -1.179 ; y_next.F_53511 ; y_present.F ; START        ; CLK         ; 0.500        ; -1.669     ; 0.042      ;
; -1.178 ; y_next.E_61305 ; y_present.E ; START        ; CLK         ; 0.500        ; -1.668     ; 0.042      ;
; -1.021 ; y_next.G_45717 ; y_present.G ; START        ; CLK         ; 0.500        ; -1.511     ; 0.042      ;
+--------+----------------+-------------+--------------+-------------+--------------+------------+------------+


+-----------------------------------------------------------------------------------------------------------+
; Fast Model Setup: 'y_present.B'                                                                           ;
+--------+-------------+--------------+--------------+-------------+--------------+------------+------------+
; Slack  ; From Node   ; To Node      ; Launch Clock ; Latch Clock ; Relationship ; Clock Skew ; Data Delay ;
+--------+-------------+--------------+--------------+-------------+--------------+------------+------------+
; -0.247 ; y_present.G ; GR_SEL$latch ; CLK          ; y_present.B ; 0.500        ; 0.095      ; 0.361      ;
; 0.133  ; y_present.D ; TM_EN$latch  ; CLK          ; y_present.B ; 1.000        ; 0.223      ; 0.693      ;
; 0.204  ; y_present.G ; TM_EN$latch  ; CLK          ; y_present.B ; 1.000        ; 0.140      ; 0.539      ;
; 0.857  ; y_present.D ; P_SEL$latch  ; CLK          ; y_present.B ; 0.500        ; 1.125      ; 0.369      ;
; 0.864  ; y_present.D ; SR_SEL$latch ; CLK          ; y_present.B ; 0.500        ; 1.124      ; 0.368      ;
+--------+-------------+--------------+--------------+-------------+--------------+------------+------------+


+------------------------------------------------------------------------------------------------------------+
; Fast Model Setup: 'START'                                                                                  ;
+-------+-------------+----------------+--------------+-------------+--------------+------------+------------+
; Slack ; From Node   ; To Node        ; Launch Clock ; Latch Clock ; Relationship ; Clock Skew ; Data Delay ;
+-------+-------------+----------------+--------------+-------------+--------------+------------+------------+
; 0.321 ; y_present.D ; TC_EN$latch    ; CLK          ; START       ; 0.500        ; 1.007      ; 0.769      ;
; 0.338 ; y_present.D ; TM_EN$latch    ; CLK          ; START       ; 0.500        ; 0.928      ; 0.693      ;
; 0.409 ; y_present.G ; TM_EN$latch    ; CLK          ; START       ; 0.500        ; 0.845      ; 0.539      ;
; 0.553 ; y_present.F ; TM_IN$latch    ; CLK          ; START       ; 0.500        ; 0.964      ; 0.574      ;
; 0.572 ; y_present.C ; SOLVED$latch   ; CLK          ; START       ; 0.500        ; 0.941      ; 0.475      ;
; 0.611 ; y_present.A ; y_next.C_76893 ; CLK          ; START       ; 0.500        ; 1.670      ; 0.963      ;
; 0.620 ; y_present.D ; y_next.C_76893 ; CLK          ; START       ; 0.500        ; 1.670      ; 0.954      ;
; 0.649 ; y_present.A ; y_next.D_69099 ; CLK          ; START       ; 0.500        ; 1.670      ; 0.958      ;
; 0.658 ; y_present.D ; y_next.D_69099 ; CLK          ; START       ; 0.500        ; 1.670      ; 0.949      ;
; 0.742 ; y_present.E ; y_next.C_76893 ; CLK          ; START       ; 0.500        ; 1.670      ; 0.832      ;
; 0.759 ; y_present.E ; y_next.D_69099 ; CLK          ; START       ; 0.500        ; 1.670      ; 0.848      ;
; 0.773 ; y_present.F ; y_next.C_76893 ; CLK          ; START       ; 0.500        ; 1.670      ; 0.801      ;
; 0.789 ; y_present.F ; y_next.D_69099 ; CLK          ; START       ; 0.500        ; 1.670      ; 0.818      ;
; 0.837 ; y_present.D ; y_next.G_45717 ; CLK          ; START       ; 0.500        ; 1.594      ; 0.815      ;
; 0.888 ; y_present.D ; y_next.E_61305 ; CLK          ; START       ; 0.500        ; 1.668      ; 0.893      ;
; 0.904 ; y_present.D ; y_next.F_53511 ; CLK          ; START       ; 0.500        ; 1.669      ; 0.878      ;
; 0.919 ; y_present.G ; y_next.G_45717 ; CLK          ; START       ; 0.500        ; 1.511      ; 0.650      ;
; 1.045 ; y_present.A ; y_next.B_84687 ; CLK          ; START       ; 0.500        ; 1.670      ; 0.851      ;
; 1.939 ; y_present.B ; y_next.B_84687 ; y_present.B  ; START       ; 0.500        ; 2.822      ; 1.250      ;
; 2.439 ; y_present.B ; y_next.B_84687 ; y_present.B  ; START       ; 1.000        ; 2.822      ; 1.250      ;
+-------+-------------+----------------+--------------+-------------+--------------+------------+------------+


+-------------------------------------------------------------------------------------------------------------+
; Fast Model Hold: 'START'                                                                                    ;
+--------+-------------+----------------+--------------+-------------+--------------+------------+------------+
; Slack  ; From Node   ; To Node        ; Launch Clock ; Latch Clock ; Relationship ; Clock Skew ; Data Delay ;
+--------+-------------+----------------+--------------+-------------+--------------+------------+------------+
; -1.713 ; y_present.B ; y_next.B_84687 ; y_present.B  ; START       ; 0.000        ; 2.822      ; 1.250      ;
; -1.213 ; y_present.B ; y_next.B_84687 ; y_present.B  ; START       ; -0.500       ; 2.822      ; 1.250      ;
; -0.369 ; y_present.F ; y_next.C_76893 ; CLK          ; START       ; -0.500       ; 1.670      ; 0.801      ;
; -0.361 ; y_present.G ; y_next.G_45717 ; CLK          ; START       ; -0.500       ; 1.511      ; 0.650      ;
; -0.352 ; y_present.F ; y_next.D_69099 ; CLK          ; START       ; -0.500       ; 1.670      ; 0.818      ;
; -0.338 ; y_present.E ; y_next.C_76893 ; CLK          ; START       ; -0.500       ; 1.670      ; 0.832      ;
; -0.322 ; y_present.E ; y_next.D_69099 ; CLK          ; START       ; -0.500       ; 1.670      ; 0.848      ;
; -0.319 ; y_present.A ; y_next.B_84687 ; CLK          ; START       ; -0.500       ; 1.670      ; 0.851      ;
; -0.291 ; y_present.D ; y_next.F_53511 ; CLK          ; START       ; -0.500       ; 1.669      ; 0.878      ;
; -0.279 ; y_present.D ; y_next.G_45717 ; CLK          ; START       ; -0.500       ; 1.594      ; 0.815      ;
; -0.275 ; y_present.D ; y_next.E_61305 ; CLK          ; START       ; -0.500       ; 1.668      ; 0.893      ;
; -0.221 ; y_present.D ; y_next.D_69099 ; CLK          ; START       ; -0.500       ; 1.670      ; 0.949      ;
; -0.216 ; y_present.D ; y_next.C_76893 ; CLK          ; START       ; -0.500       ; 1.670      ; 0.954      ;
; -0.212 ; y_present.A ; y_next.D_69099 ; CLK          ; START       ; -0.500       ; 1.670      ; 0.958      ;
; -0.207 ; y_present.A ; y_next.C_76893 ; CLK          ; START       ; -0.500       ; 1.670      ; 0.963      ;
; 0.034  ; y_present.C ; SOLVED$latch   ; CLK          ; START       ; -0.500       ; 0.941      ; 0.475      ;
; 0.110  ; y_present.F ; TM_IN$latch    ; CLK          ; START       ; -0.500       ; 0.964      ; 0.574      ;
; 0.194  ; y_present.G ; TM_EN$latch    ; CLK          ; START       ; -0.500       ; 0.845      ; 0.539      ;
; 0.262  ; y_present.D ; TC_EN$latch    ; CLK          ; START       ; -0.500       ; 1.007      ; 0.769      ;
; 0.265  ; y_present.D ; TM_EN$latch    ; CLK          ; START       ; -0.500       ; 0.928      ; 0.693      ;
+--------+-------------+----------------+--------------+-------------+--------------+------------+------------+


+-----------------------------------------------------------------------------------------------------------+
; Fast Model Hold: 'y_present.B'                                                                            ;
+--------+-------------+--------------+--------------+-------------+--------------+------------+------------+
; Slack  ; From Node   ; To Node      ; Launch Clock ; Latch Clock ; Relationship ; Clock Skew ; Data Delay ;
+--------+-------------+--------------+--------------+-------------+--------------+------------+------------+
; -0.256 ; y_present.D ; SR_SEL$latch ; CLK          ; y_present.B ; -0.500       ; 1.124      ; 0.368      ;
; -0.256 ; y_present.D ; P_SEL$latch  ; CLK          ; y_present.B ; -0.500       ; 1.125      ; 0.369      ;
; 0.399  ; y_present.G ; TM_EN$latch  ; CLK          ; y_present.B ; 0.000        ; 0.140      ; 0.539      ;
; 0.470  ; y_present.D ; TM_EN$latch  ; CLK          ; y_present.B ; 0.000        ; 0.223      ; 0.693      ;
; 0.766  ; y_present.G ; GR_SEL$latch ; CLK          ; y_present.B ; -0.500       ; 0.095      ; 0.361      ;
+--------+-------------+--------------+--------------+-------------+--------------+------------+------------+


+------------------------------------------------------------------------------------------------------------+
; Fast Model Hold: 'CLK'                                                                                     ;
+-------+----------------+-------------+--------------+-------------+--------------+------------+------------+
; Slack ; From Node      ; To Node     ; Launch Clock ; Latch Clock ; Relationship ; Clock Skew ; Data Delay ;
+-------+----------------+-------------+--------------+-------------+--------------+------------+------------+
; 1.901 ; y_next.G_45717 ; y_present.G ; START        ; CLK         ; -0.500       ; -1.511     ; 0.042      ;
; 2.058 ; y_next.E_61305 ; y_present.E ; START        ; CLK         ; -0.500       ; -1.668     ; 0.042      ;
; 2.059 ; y_next.F_53511 ; y_present.F ; START        ; CLK         ; -0.500       ; -1.669     ; 0.042      ;
; 2.060 ; y_next.C_76893 ; y_present.C ; START        ; CLK         ; -0.500       ; -1.670     ; 0.042      ;
; 2.060 ; y_next.D_69099 ; y_present.D ; START        ; CLK         ; -0.500       ; -1.670     ; 0.042      ;
; 2.060 ; y_next.B_84687 ; y_present.B ; START        ; CLK         ; -0.500       ; -1.670     ; 0.042      ;
+-------+----------------+-------------+--------------+-------------+--------------+------------+------------+


+-------------------------------------------------------------------------------------------------------+
; Fast Model Recovery: 'CLK'                                                                            ;
+-------+-----------+-------------+--------------+-------------+--------------+------------+------------+
; Slack ; From Node ; To Node     ; Launch Clock ; Latch Clock ; Relationship ; Clock Skew ; Data Delay ;
+-------+-----------+-------------+--------------+-------------+--------------+------------+------------+
; 0.371 ; START     ; y_present.G ; START        ; CLK         ; 0.500        ; 1.235      ; 1.396      ;
; 0.380 ; START     ; y_present.A ; START        ; CLK         ; 0.500        ; 1.152      ; 1.304      ;
; 0.380 ; START     ; y_present.F ; START        ; CLK         ; 0.500        ; 1.152      ; 1.304      ;
; 0.380 ; START     ; y_present.C ; START        ; CLK         ; 0.500        ; 1.152      ; 1.304      ;
; 0.380 ; START     ; y_present.E ; START        ; CLK         ; 0.500        ; 1.152      ; 1.304      ;
; 0.380 ; START     ; y_present.D ; START        ; CLK         ; 0.500        ; 1.152      ; 1.304      ;
; 0.380 ; START     ; y_present.B ; START        ; CLK         ; 0.500        ; 1.152      ; 1.304      ;
; 0.871 ; START     ; y_present.G ; START        ; CLK         ; 1.000        ; 1.235      ; 1.396      ;
; 0.880 ; START     ; y_present.A ; START        ; CLK         ; 1.000        ; 1.152      ; 1.304      ;
; 0.880 ; START     ; y_present.F ; START        ; CLK         ; 1.000        ; 1.152      ; 1.304      ;
; 0.880 ; START     ; y_present.C ; START        ; CLK         ; 1.000        ; 1.152      ; 1.304      ;
; 0.880 ; START     ; y_present.E ; START        ; CLK         ; 1.000        ; 1.152      ; 1.304      ;
; 0.880 ; START     ; y_present.D ; START        ; CLK         ; 1.000        ; 1.152      ; 1.304      ;
; 0.880 ; START     ; y_present.B ; START        ; CLK         ; 1.000        ; 1.152      ; 1.304      ;
+-------+-----------+-------------+--------------+-------------+--------------+------------+------------+


+-------------------------------------------------------------------------------------------------------+
; Fast Model Removal: 'CLK'                                                                             ;
+-------+-----------+-------------+--------------+-------------+--------------+------------+------------+
; Slack ; From Node ; To Node     ; Launch Clock ; Latch Clock ; Relationship ; Clock Skew ; Data Delay ;
+-------+-----------+-------------+--------------+-------------+--------------+------------+------------+
; 0.000 ; START     ; y_present.A ; START        ; CLK         ; 0.000        ; 1.152      ; 1.304      ;
; 0.000 ; START     ; y_present.F ; START        ; CLK         ; 0.000        ; 1.152      ; 1.304      ;
; 0.000 ; START     ; y_present.C ; START        ; CLK         ; 0.000        ; 1.152      ; 1.304      ;
; 0.000 ; START     ; y_present.E ; START        ; CLK         ; 0.000        ; 1.152      ; 1.304      ;
; 0.000 ; START     ; y_present.D ; START        ; CLK         ; 0.000        ; 1.152      ; 1.304      ;
; 0.000 ; START     ; y_present.B ; START        ; CLK         ; 0.000        ; 1.152      ; 1.304      ;
; 0.009 ; START     ; y_present.G ; START        ; CLK         ; 0.000        ; 1.235      ; 1.396      ;
; 0.500 ; START     ; y_present.A ; START        ; CLK         ; -0.500       ; 1.152      ; 1.304      ;
; 0.500 ; START     ; y_present.F ; START        ; CLK         ; -0.500       ; 1.152      ; 1.304      ;
; 0.500 ; START     ; y_present.C ; START        ; CLK         ; -0.500       ; 1.152      ; 1.304      ;
; 0.500 ; START     ; y_present.E ; START        ; CLK         ; -0.500       ; 1.152      ; 1.304      ;
; 0.500 ; START     ; y_present.D ; START        ; CLK         ; -0.500       ; 1.152      ; 1.304      ;
; 0.500 ; START     ; y_present.B ; START        ; CLK         ; -0.500       ; 1.152      ; 1.304      ;
; 0.509 ; START     ; y_present.G ; START        ; CLK         ; -0.500       ; 1.235      ; 1.396      ;
+-------+-----------+-------------+--------------+-------------+--------------+------------+------------+


+--------------------------------------------------------------------------------------------------+
; Fast Model Minimum Pulse Width: 'CLK'                                                            ;
+--------+--------------+----------------+------------------+-------+------------+-----------------+
; Slack  ; Actual Width ; Required Width ; Type             ; Clock ; Clock Edge ; Target          ;
+--------+--------------+----------------+------------------+-------+------------+-----------------+
; -1.222 ; 1.000        ; 2.222          ; Port Rate        ; CLK   ; Rise       ; CLK             ;
; -0.500 ; 0.500        ; 1.000          ; High Pulse Width ; CLK   ; Rise       ; y_present.A     ;
; -0.500 ; 0.500        ; 1.000          ; Low Pulse Width  ; CLK   ; Rise       ; y_present.A     ;
; -0.500 ; 0.500        ; 1.000          ; High Pulse Width ; CLK   ; Rise       ; y_present.B     ;
; -0.500 ; 0.500        ; 1.000          ; Low Pulse Width  ; CLK   ; Rise       ; y_present.B     ;
; -0.500 ; 0.500        ; 1.000          ; High Pulse Width ; CLK   ; Rise       ; y_present.C     ;
; -0.500 ; 0.500        ; 1.000          ; Low Pulse Width  ; CLK   ; Rise       ; y_present.C     ;
; -0.500 ; 0.500        ; 1.000          ; High Pulse Width ; CLK   ; Rise       ; y_present.D     ;
; -0.500 ; 0.500        ; 1.000          ; Low Pulse Width  ; CLK   ; Rise       ; y_present.D     ;
; -0.500 ; 0.500        ; 1.000          ; High Pulse Width ; CLK   ; Rise       ; y_present.E     ;
; -0.500 ; 0.500        ; 1.000          ; Low Pulse Width  ; CLK   ; Rise       ; y_present.E     ;
; -0.500 ; 0.500        ; 1.000          ; High Pulse Width ; CLK   ; Rise       ; y_present.F     ;
; -0.500 ; 0.500        ; 1.000          ; Low Pulse Width  ; CLK   ; Rise       ; y_present.F     ;
; -0.500 ; 0.500        ; 1.000          ; High Pulse Width ; CLK   ; Rise       ; y_present.G     ;
; -0.500 ; 0.500        ; 1.000          ; Low Pulse Width  ; CLK   ; Rise       ; y_present.G     ;
; 0.500  ; 0.500        ; 0.000          ; High Pulse Width ; CLK   ; Rise       ; CLK|combout     ;
; 0.500  ; 0.500        ; 0.000          ; Low Pulse Width  ; CLK   ; Rise       ; CLK|combout     ;
; 0.500  ; 0.500        ; 0.000          ; High Pulse Width ; CLK   ; Rise       ; y_present.A|clk ;
; 0.500  ; 0.500        ; 0.000          ; Low Pulse Width  ; CLK   ; Rise       ; y_present.A|clk ;
; 0.500  ; 0.500        ; 0.000          ; High Pulse Width ; CLK   ; Rise       ; y_present.B|clk ;
; 0.500  ; 0.500        ; 0.000          ; Low Pulse Width  ; CLK   ; Rise       ; y_present.B|clk ;
; 0.500  ; 0.500        ; 0.000          ; High Pulse Width ; CLK   ; Rise       ; y_present.C|clk ;
; 0.500  ; 0.500        ; 0.000          ; Low Pulse Width  ; CLK   ; Rise       ; y_present.C|clk ;
; 0.500  ; 0.500        ; 0.000          ; High Pulse Width ; CLK   ; Rise       ; y_present.D|clk ;
; 0.500  ; 0.500        ; 0.000          ; Low Pulse Width  ; CLK   ; Rise       ; y_present.D|clk ;
; 0.500  ; 0.500        ; 0.000          ; High Pulse Width ; CLK   ; Rise       ; y_present.E|clk ;
; 0.500  ; 0.500        ; 0.000          ; Low Pulse Width  ; CLK   ; Rise       ; y_present.E|clk ;
; 0.500  ; 0.500        ; 0.000          ; High Pulse Width ; CLK   ; Rise       ; y_present.F|clk ;
; 0.500  ; 0.500        ; 0.000          ; Low Pulse Width  ; CLK   ; Rise       ; y_present.F|clk ;
; 0.500  ; 0.500        ; 0.000          ; High Pulse Width ; CLK   ; Rise       ; y_present.G|clk ;
; 0.500  ; 0.500        ; 0.000          ; Low Pulse Width  ; CLK   ; Rise       ; y_present.G|clk ;
+--------+--------------+----------------+------------------+-------+------------+-----------------+


+---------------------------------------------------------------------------------------------------------------+
; Fast Model Minimum Pulse Width: 'START'                                                                       ;
+--------+--------------+----------------+------------------+-------+------------+------------------------------+
; Slack  ; Actual Width ; Required Width ; Type             ; Clock ; Clock Edge ; Target                       ;
+--------+--------------+----------------+------------------+-------+------------+------------------------------+
; -1.222 ; 1.000        ; 2.222          ; Port Rate        ; START ; Rise       ; START                        ;
; 0.500  ; 0.500        ; 0.000          ; High Pulse Width ; START ; Fall       ; SOLVED$latch                 ;
; 0.500  ; 0.500        ; 0.000          ; Low Pulse Width  ; START ; Fall       ; SOLVED$latch                 ;
; 0.500  ; 0.500        ; 0.000          ; High Pulse Width ; START ; Rise       ; SOLVED$latch|dataa           ;
; 0.500  ; 0.500        ; 0.000          ; Low Pulse Width  ; START ; Rise       ; SOLVED$latch|dataa           ;
; 0.500  ; 0.500        ; 0.000          ; High Pulse Width ; START ; Rise       ; START|combout                ;
; 0.500  ; 0.500        ; 0.000          ; Low Pulse Width  ; START ; Rise       ; START|combout                ;
; 0.500  ; 0.500        ; 0.000          ; High Pulse Width ; START ; Rise       ; Selector11~0|combout         ;
; 0.500  ; 0.500        ; 0.000          ; Low Pulse Width  ; START ; Rise       ; Selector11~0|combout         ;
; 0.500  ; 0.500        ; 0.000          ; High Pulse Width ; START ; Rise       ; Selector11~0|datab           ;
; 0.500  ; 0.500        ; 0.000          ; Low Pulse Width  ; START ; Rise       ; Selector11~0|datab           ;
; 0.500  ; 0.500        ; 0.000          ; High Pulse Width ; START ; Rise       ; Selector11~1clkctrl|inclk[0] ;
; 0.500  ; 0.500        ; 0.000          ; Low Pulse Width  ; START ; Rise       ; Selector11~1clkctrl|inclk[0] ;
; 0.500  ; 0.500        ; 0.000          ; High Pulse Width ; START ; Rise       ; Selector11~1clkctrl|outclk   ;
; 0.500  ; 0.500        ; 0.000          ; Low Pulse Width  ; START ; Rise       ; Selector11~1clkctrl|outclk   ;
; 0.500  ; 0.500        ; 0.000          ; High Pulse Width ; START ; Rise       ; Selector11~1|combout         ;
; 0.500  ; 0.500        ; 0.000          ; Low Pulse Width  ; START ; Rise       ; Selector11~1|combout         ;
; 0.500  ; 0.500        ; 0.000          ; High Pulse Width ; START ; Rise       ; Selector11~1|datac           ;
; 0.500  ; 0.500        ; 0.000          ; Low Pulse Width  ; START ; Rise       ; Selector11~1|datac           ;
; 0.500  ; 0.500        ; 0.000          ; High Pulse Width ; START ; Rise       ; Selector13~0|combout         ;
; 0.500  ; 0.500        ; 0.000          ; Low Pulse Width  ; START ; Rise       ; Selector13~0|combout         ;
; 0.500  ; 0.500        ; 0.000          ; High Pulse Width ; START ; Rise       ; Selector13~0|dataa           ;
; 0.500  ; 0.500        ; 0.000          ; Low Pulse Width  ; START ; Rise       ; Selector13~0|dataa           ;
; 0.500  ; 0.500        ; 0.000          ; High Pulse Width ; START ; Rise       ; Selector7~0|combout          ;
; 0.500  ; 0.500        ; 0.000          ; Low Pulse Width  ; START ; Rise       ; Selector7~0|combout          ;
; 0.500  ; 0.500        ; 0.000          ; High Pulse Width ; START ; Rise       ; Selector7~0|dataa            ;
; 0.500  ; 0.500        ; 0.000          ; Low Pulse Width  ; START ; Rise       ; Selector7~0|dataa            ;
; 0.500  ; 0.500        ; 0.000          ; High Pulse Width ; START ; Rise       ; Selector9~0|combout          ;
; 0.500  ; 0.500        ; 0.000          ; Low Pulse Width  ; START ; Rise       ; Selector9~0|combout          ;
; 0.500  ; 0.500        ; 0.000          ; High Pulse Width ; START ; Rise       ; Selector9~0|datab            ;
; 0.500  ; 0.500        ; 0.000          ; Low Pulse Width  ; START ; Rise       ; Selector9~0|datab            ;
; 0.500  ; 0.500        ; 0.000          ; High Pulse Width ; START ; Fall       ; TC_EN$latch                  ;
; 0.500  ; 0.500        ; 0.000          ; Low Pulse Width  ; START ; Fall       ; TC_EN$latch                  ;
; 0.500  ; 0.500        ; 0.000          ; High Pulse Width ; START ; Rise       ; TC_EN$latch|datab            ;
; 0.500  ; 0.500        ; 0.000          ; Low Pulse Width  ; START ; Rise       ; TC_EN$latch|datab            ;
; 0.500  ; 0.500        ; 0.000          ; High Pulse Width ; START ; Fall       ; TM_EN$latch                  ;
; 0.500  ; 0.500        ; 0.000          ; Low Pulse Width  ; START ; Fall       ; TM_EN$latch                  ;
; 0.500  ; 0.500        ; 0.000          ; High Pulse Width ; START ; Rise       ; TM_EN$latch|dataa            ;
; 0.500  ; 0.500        ; 0.000          ; Low Pulse Width  ; START ; Rise       ; TM_EN$latch|dataa            ;
; 0.500  ; 0.500        ; 0.000          ; High Pulse Width ; START ; Fall       ; TM_IN$latch                  ;
; 0.500  ; 0.500        ; 0.000          ; Low Pulse Width  ; START ; Fall       ; TM_IN$latch                  ;
; 0.500  ; 0.500        ; 0.000          ; High Pulse Width ; START ; Rise       ; TM_IN$latch|datab            ;
; 0.500  ; 0.500        ; 0.000          ; Low Pulse Width  ; START ; Rise       ; TM_IN$latch|datab            ;
; 0.500  ; 0.500        ; 0.000          ; High Pulse Width ; START ; Fall       ; y_next.B_84687               ;
; 0.500  ; 0.500        ; 0.000          ; Low Pulse Width  ; START ; Fall       ; y_next.B_84687               ;
; 0.500  ; 0.500        ; 0.000          ; High Pulse Width ; START ; Rise       ; y_next.B_84687|datac         ;
; 0.500  ; 0.500        ; 0.000          ; Low Pulse Width  ; START ; Rise       ; y_next.B_84687|datac         ;
; 0.500  ; 0.500        ; 0.000          ; High Pulse Width ; START ; Fall       ; y_next.C_76893               ;
; 0.500  ; 0.500        ; 0.000          ; Low Pulse Width  ; START ; Fall       ; y_next.C_76893               ;
; 0.500  ; 0.500        ; 0.000          ; High Pulse Width ; START ; Rise       ; y_next.C_76893|datac         ;
; 0.500  ; 0.500        ; 0.000          ; Low Pulse Width  ; START ; Rise       ; y_next.C_76893|datac         ;
; 0.500  ; 0.500        ; 0.000          ; High Pulse Width ; START ; Fall       ; y_next.D_69099               ;
; 0.500  ; 0.500        ; 0.000          ; Low Pulse Width  ; START ; Fall       ; y_next.D_69099               ;
; 0.500  ; 0.500        ; 0.000          ; High Pulse Width ; START ; Rise       ; y_next.D_69099|datac         ;
; 0.500  ; 0.500        ; 0.000          ; Low Pulse Width  ; START ; Rise       ; y_next.D_69099|datac         ;
; 0.500  ; 0.500        ; 0.000          ; High Pulse Width ; START ; Fall       ; y_next.E_61305               ;
; 0.500  ; 0.500        ; 0.000          ; Low Pulse Width  ; START ; Fall       ; y_next.E_61305               ;
; 0.500  ; 0.500        ; 0.000          ; High Pulse Width ; START ; Rise       ; y_next.E_61305|datac         ;
; 0.500  ; 0.500        ; 0.000          ; Low Pulse Width  ; START ; Rise       ; y_next.E_61305|datac         ;
; 0.500  ; 0.500        ; 0.000          ; High Pulse Width ; START ; Fall       ; y_next.F_53511               ;
; 0.500  ; 0.500        ; 0.000          ; Low Pulse Width  ; START ; Fall       ; y_next.F_53511               ;
; 0.500  ; 0.500        ; 0.000          ; High Pulse Width ; START ; Rise       ; y_next.F_53511|datac         ;
; 0.500  ; 0.500        ; 0.000          ; Low Pulse Width  ; START ; Rise       ; y_next.F_53511|datac         ;
; 0.500  ; 0.500        ; 0.000          ; High Pulse Width ; START ; Fall       ; y_next.G_45717               ;
; 0.500  ; 0.500        ; 0.000          ; Low Pulse Width  ; START ; Fall       ; y_next.G_45717               ;
; 0.500  ; 0.500        ; 0.000          ; High Pulse Width ; START ; Rise       ; y_next.G_45717|datad         ;
; 0.500  ; 0.500        ; 0.000          ; Low Pulse Width  ; START ; Rise       ; y_next.G_45717|datad         ;
+--------+--------------+----------------+------------------+-------+------------+------------------------------+


+-----------------------------------------------------------------------------------------------------------------+
; Fast Model Minimum Pulse Width: 'y_present.B'                                                                   ;
+-------+--------------+----------------+------------------+-------------+------------+---------------------------+
; Slack ; Actual Width ; Required Width ; Type             ; Clock       ; Clock Edge ; Target                    ;
+-------+--------------+----------------+------------------+-------------+------------+---------------------------+
; 0.500 ; 0.500        ; 0.000          ; High Pulse Width ; y_present.B ; Fall       ; GR_SEL$latch              ;
; 0.500 ; 0.500        ; 0.000          ; Low Pulse Width  ; y_present.B ; Fall       ; GR_SEL$latch              ;
; 0.500 ; 0.500        ; 0.000          ; High Pulse Width ; y_present.B ; Fall       ; GR_SEL$latch|dataa        ;
; 0.500 ; 0.500        ; 0.000          ; Low Pulse Width  ; y_present.B ; Fall       ; GR_SEL$latch|dataa        ;
; 0.500 ; 0.500        ; 0.000          ; High Pulse Width ; y_present.B ; Fall       ; P_SEL$latch               ;
; 0.500 ; 0.500        ; 0.000          ; Low Pulse Width  ; y_present.B ; Fall       ; P_SEL$latch               ;
; 0.500 ; 0.500        ; 0.000          ; High Pulse Width ; y_present.B ; Rise       ; P_SEL$latch|datac         ;
; 0.500 ; 0.500        ; 0.000          ; Low Pulse Width  ; y_present.B ; Rise       ; P_SEL$latch|datac         ;
; 0.500 ; 0.500        ; 0.000          ; High Pulse Width ; y_present.B ; Fall       ; SR_SEL$latch              ;
; 0.500 ; 0.500        ; 0.000          ; Low Pulse Width  ; y_present.B ; Fall       ; SR_SEL$latch              ;
; 0.500 ; 0.500        ; 0.000          ; High Pulse Width ; y_present.B ; Rise       ; SR_SEL$latch|datac        ;
; 0.500 ; 0.500        ; 0.000          ; Low Pulse Width  ; y_present.B ; Rise       ; SR_SEL$latch|datac        ;
; 0.500 ; 0.500        ; 0.000          ; High Pulse Width ; y_present.B ; Fall       ; Selector11~0|combout      ;
; 0.500 ; 0.500        ; 0.000          ; Low Pulse Width  ; y_present.B ; Fall       ; Selector11~0|combout      ;
; 0.500 ; 0.500        ; 0.000          ; High Pulse Width ; y_present.B ; Rise       ; Selector11~0|datac        ;
; 0.500 ; 0.500        ; 0.000          ; Low Pulse Width  ; y_present.B ; Rise       ; Selector11~0|datac        ;
; 0.500 ; 0.500        ; 0.000          ; High Pulse Width ; y_present.B ; Rise       ; TM_EN$latch               ;
; 0.500 ; 0.500        ; 0.000          ; Low Pulse Width  ; y_present.B ; Rise       ; TM_EN$latch               ;
; 0.500 ; 0.500        ; 0.000          ; High Pulse Width ; y_present.B ; Fall       ; TM_EN$latch|dataa         ;
; 0.500 ; 0.500        ; 0.000          ; Low Pulse Width  ; y_present.B ; Fall       ; TM_EN$latch|dataa         ;
; 0.500 ; 0.500        ; 0.000          ; High Pulse Width ; y_present.B ; Fall       ; WideOr3~0|combout         ;
; 0.500 ; 0.500        ; 0.000          ; Low Pulse Width  ; y_present.B ; Fall       ; WideOr3~0|combout         ;
; 0.500 ; 0.500        ; 0.000          ; High Pulse Width ; y_present.B ; Rise       ; WideOr3~0|datad           ;
; 0.500 ; 0.500        ; 0.000          ; Low Pulse Width  ; y_present.B ; Rise       ; WideOr3~0|datad           ;
; 0.500 ; 0.500        ; 0.000          ; High Pulse Width ; y_present.B ; Rise       ; WideOr4~0clkctrl|inclk[0] ;
; 0.500 ; 0.500        ; 0.000          ; Low Pulse Width  ; y_present.B ; Rise       ; WideOr4~0clkctrl|inclk[0] ;
; 0.500 ; 0.500        ; 0.000          ; High Pulse Width ; y_present.B ; Rise       ; WideOr4~0clkctrl|outclk   ;
; 0.500 ; 0.500        ; 0.000          ; Low Pulse Width  ; y_present.B ; Rise       ; WideOr4~0clkctrl|outclk   ;
; 0.500 ; 0.500        ; 0.000          ; High Pulse Width ; y_present.B ; Rise       ; WideOr4~0|combout         ;
; 0.500 ; 0.500        ; 0.000          ; Low Pulse Width  ; y_present.B ; Rise       ; WideOr4~0|combout         ;
; 0.500 ; 0.500        ; 0.000          ; High Pulse Width ; y_present.B ; Rise       ; WideOr4~0|datac           ;
; 0.500 ; 0.500        ; 0.000          ; Low Pulse Width  ; y_present.B ; Rise       ; WideOr4~0|datac           ;
; 0.500 ; 0.500        ; 0.000          ; High Pulse Width ; y_present.B ; Rise       ; y_present.B|regout        ;
; 0.500 ; 0.500        ; 0.000          ; Low Pulse Width  ; y_present.B ; Rise       ; y_present.B|regout        ;
+-------+--------------+----------------+------------------+-------------+------------+---------------------------+


+-----------------------------------------------------------------------+
; Setup Times                                                           ;
+-----------+------------+-------+-------+------------+-----------------+
; Data Port ; Clock Port ; Rise  ; Fall  ; Clock Edge ; Clock Reference ;
+-----------+------------+-------+-------+------------+-----------------+
; READY     ; START      ; 1.744 ; 1.744 ; Fall       ; START           ;
; SC_CMP    ; START      ; 1.535 ; 1.535 ; Fall       ; START           ;
; TC_LAST   ; START      ; 1.992 ; 1.992 ; Fall       ; START           ;
+-----------+------------+-------+-------+------------+-----------------+


+-------------------------------------------------------------------------+
; Hold Times                                                              ;
+-----------+------------+--------+--------+------------+-----------------+
; Data Port ; Clock Port ; Rise   ; Fall   ; Clock Edge ; Clock Reference ;
+-----------+------------+--------+--------+------------+-----------------+
; READY     ; START      ; -1.078 ; -1.078 ; Fall       ; START           ;
; SC_CMP    ; START      ; -0.939 ; -0.939 ; Fall       ; START           ;
; TC_LAST   ; START      ; -0.918 ; -0.918 ; Fall       ; START           ;
+-----------+------------+--------+--------+------------+-----------------+


+------------------------------------------------------------------------+
; Clock to Output Times                                                  ;
+-----------+-------------+-------+-------+------------+-----------------+
; Data Port ; Clock Port  ; Rise  ; Fall  ; Clock Edge ; Clock Reference ;
+-----------+-------------+-------+-------+------------+-----------------+
; SOLVED    ; START       ; 3.719 ; 3.719 ; Fall       ; START           ;
; TC_EN     ; START       ; 4.004 ; 4.004 ; Fall       ; START           ;
; TM_EN     ; START       ; 3.917 ; 3.917 ; Fall       ; START           ;
; TM_IN     ; START       ; 3.968 ; 3.968 ; Fall       ; START           ;
; TM_EN     ; y_present.B ; 3.212 ; 3.212 ; Rise       ; y_present.B     ;
; GR_LD     ; y_present.B ; 4.124 ; 4.124 ; Fall       ; y_present.B     ;
; GR_SEL    ; y_present.B ; 3.165 ; 3.165 ; Fall       ; y_present.B     ;
; P_SEL     ; y_present.B ; 3.914 ; 3.914 ; Fall       ; y_present.B     ;
; SR_LD     ; y_present.B ; 4.114 ; 4.114 ; Fall       ; y_present.B     ;
; SR_SEL    ; y_present.B ; 4.084 ; 4.084 ; Fall       ; y_present.B     ;
+-----------+-------------+-------+-------+------------+-----------------+


+------------------------------------------------------------------------+
; Minimum Clock to Output Times                                          ;
+-----------+-------------+-------+-------+------------+-----------------+
; Data Port ; Clock Port  ; Rise  ; Fall  ; Clock Edge ; Clock Reference ;
+-----------+-------------+-------+-------+------------+-----------------+
; SOLVED    ; START       ; 3.719 ; 3.719 ; Fall       ; START           ;
; TC_EN     ; START       ; 4.004 ; 4.004 ; Fall       ; START           ;
; TM_EN     ; START       ; 3.917 ; 3.917 ; Fall       ; START           ;
; TM_IN     ; START       ; 3.968 ; 3.968 ; Fall       ; START           ;
; TM_EN     ; y_present.B ; 3.212 ; 3.212 ; Rise       ; y_present.B     ;
; GR_LD     ; y_present.B ; 4.124 ; 4.124 ; Fall       ; y_present.B     ;
; GR_SEL    ; y_present.B ; 3.165 ; 3.165 ; Fall       ; y_present.B     ;
; P_SEL     ; y_present.B ; 3.914 ; 3.914 ; Fall       ; y_present.B     ;
; SR_LD     ; y_present.B ; 4.114 ; 4.114 ; Fall       ; y_present.B     ;
; SR_SEL    ; y_present.B ; 4.084 ; 4.084 ; Fall       ; y_present.B     ;
+-----------+-------------+-------+-------+------------+-----------------+


+---------------------------------------------------------------------------------+
; Multicorner Timing Analysis Summary                                             ;
+------------------+---------+---------+----------+---------+---------------------+
; Clock            ; Setup   ; Hold    ; Recovery ; Removal ; Minimum Pulse Width ;
+------------------+---------+---------+----------+---------+---------------------+
; Worst-case Slack ; -2.799  ; -2.477  ; 0.237    ; -0.003  ; -1.469              ;
;  CLK             ; -2.799  ; 1.901   ; 0.237    ; -0.003  ; -1.469              ;
;  START           ; -0.406  ; -2.477  ; N/A      ; N/A     ; -1.469              ;
;  y_present.B     ; -0.594  ; -0.951  ; N/A      ; N/A     ; 0.500               ;
; Design-wide TNS  ; -18.189 ; -10.633 ; 0.0      ; -0.018  ; -11.492             ;
;  CLK             ; -16.352 ; 0.000   ; 0.000    ; -0.018  ; -10.023             ;
;  START           ; -0.797  ; -8.734  ; N/A      ; N/A     ; -1.469              ;
;  y_present.B     ; -1.040  ; -1.899  ; N/A      ; N/A     ; 0.000               ;
+------------------+---------+---------+----------+---------+---------------------+


+-----------------------------------------------------------------------+
; Setup Times                                                           ;
+-----------+------------+-------+-------+------------+-----------------+
; Data Port ; Clock Port ; Rise  ; Fall  ; Clock Edge ; Clock Reference ;
+-----------+------------+-------+-------+------------+-----------------+
; READY     ; START      ; 3.996 ; 3.996 ; Fall       ; START           ;
; SC_CMP    ; START      ; 3.543 ; 3.543 ; Fall       ; START           ;
; TC_LAST   ; START      ; 3.442 ; 3.442 ; Fall       ; START           ;
+-----------+------------+-------+-------+------------+-----------------+


+-------------------------------------------------------------------------+
; Hold Times                                                              ;
+-----------+------------+--------+--------+------------+-----------------+
; Data Port ; Clock Port ; Rise   ; Fall   ; Clock Edge ; Clock Reference ;
+-----------+------------+--------+--------+------------+-----------------+
; READY     ; START      ; -1.078 ; -1.078 ; Fall       ; START           ;
; SC_CMP    ; START      ; -0.939 ; -0.939 ; Fall       ; START           ;
; TC_LAST   ; START      ; -0.918 ; -0.918 ; Fall       ; START           ;
+-----------+------------+--------+--------+------------+-----------------+


+------------------------------------------------------------------------+
; Clock to Output Times                                                  ;
+-----------+-------------+-------+-------+------------+-----------------+
; Data Port ; Clock Port  ; Rise  ; Fall  ; Clock Edge ; Clock Reference ;
+-----------+-------------+-------+-------+------------+-----------------+
; SOLVED    ; START       ; 8.438 ; 8.438 ; Fall       ; START           ;
; TC_EN     ; START       ; 8.983 ; 8.983 ; Fall       ; START           ;
; TM_EN     ; START       ; 8.803 ; 8.803 ; Fall       ; START           ;
; TM_IN     ; START       ; 8.922 ; 8.922 ; Fall       ; START           ;
; TM_EN     ; y_present.B ; 7.460 ; 7.460 ; Rise       ; y_present.B     ;
; GR_LD     ; y_present.B ; 8.525 ; 8.525 ; Fall       ; y_present.B     ;
; GR_SEL    ; y_present.B ; 7.395 ; 7.395 ; Fall       ; y_present.B     ;
; P_SEL     ; y_present.B ; 7.946 ; 7.946 ; Fall       ; y_present.B     ;
; SR_LD     ; y_present.B ; 8.515 ; 8.515 ; Fall       ; y_present.B     ;
; SR_SEL    ; y_present.B ; 8.485 ; 8.485 ; Fall       ; y_present.B     ;
+-----------+-------------+-------+-------+------------+-----------------+


+------------------------------------------------------------------------+
; Minimum Clock to Output Times                                          ;
+-----------+-------------+-------+-------+------------+-----------------+
; Data Port ; Clock Port  ; Rise  ; Fall  ; Clock Edge ; Clock Reference ;
+-----------+-------------+-------+-------+------------+-----------------+
; SOLVED    ; START       ; 3.719 ; 3.719 ; Fall       ; START           ;
; TC_EN     ; START       ; 4.004 ; 4.004 ; Fall       ; START           ;
; TM_EN     ; START       ; 3.917 ; 3.917 ; Fall       ; START           ;
; TM_IN     ; START       ; 3.968 ; 3.968 ; Fall       ; START           ;
; TM_EN     ; y_present.B ; 3.212 ; 3.212 ; Rise       ; y_present.B     ;
; GR_LD     ; y_present.B ; 4.124 ; 4.124 ; Fall       ; y_present.B     ;
; GR_SEL    ; y_present.B ; 3.165 ; 3.165 ; Fall       ; y_present.B     ;
; P_SEL     ; y_present.B ; 3.914 ; 3.914 ; Fall       ; y_present.B     ;
; SR_LD     ; y_present.B ; 4.114 ; 4.114 ; Fall       ; y_present.B     ;
; SR_SEL    ; y_present.B ; 4.084 ; 4.084 ; Fall       ; y_present.B     ;
+-----------+-------------+-------+-------+------------+-----------------+


+-----------------------------------------------------------------------+
; Setup Transfers                                                       ;
+-------------+-------------+----------+----------+----------+----------+
; From Clock  ; To Clock    ; RR Paths ; FR Paths ; RF Paths ; FF Paths ;
+-------------+-------------+----------+----------+----------+----------+
; START       ; CLK         ; 0        ; 6        ; 0        ; 0        ;
; CLK         ; START       ; 0        ; 0        ; 18       ; 0        ;
; y_present.B ; START       ; 0        ; 0        ; 1        ; 1        ;
; CLK         ; y_present.B ; 2        ; 0        ; 3        ; 0        ;
+-------------+-------------+----------+----------+----------+----------+
Entries labeled "false path" only account for clock-to-clock false paths and not path-based false paths. As a result, actual path counts may be lower than reported.


+-----------------------------------------------------------------------+
; Hold Transfers                                                        ;
+-------------+-------------+----------+----------+----------+----------+
; From Clock  ; To Clock    ; RR Paths ; FR Paths ; RF Paths ; FF Paths ;
+-------------+-------------+----------+----------+----------+----------+
; START       ; CLK         ; 0        ; 6        ; 0        ; 0        ;
; CLK         ; START       ; 0        ; 0        ; 18       ; 0        ;
; y_present.B ; START       ; 0        ; 0        ; 1        ; 1        ;
; CLK         ; y_present.B ; 2        ; 0        ; 3        ; 0        ;
+-------------+-------------+----------+----------+----------+----------+
Entries labeled "false path" only account for clock-to-clock false paths and not path-based false paths. As a result, actual path counts may be lower than reported.


+-------------------------------------------------------------------+
; Recovery Transfers                                                ;
+------------+----------+----------+----------+----------+----------+
; From Clock ; To Clock ; RR Paths ; FR Paths ; RF Paths ; FF Paths ;
+------------+----------+----------+----------+----------+----------+
; START      ; CLK      ; 7        ; 7        ; 0        ; 0        ;
+------------+----------+----------+----------+----------+----------+
Entries labeled "false path" only account for clock-to-clock false paths and not path-based false paths. As a result, actual path counts may be lower than reported.


+-------------------------------------------------------------------+
; Removal Transfers                                                 ;
+------------+----------+----------+----------+----------+----------+
; From Clock ; To Clock ; RR Paths ; FR Paths ; RF Paths ; FF Paths ;
+------------+----------+----------+----------+----------+----------+
; START      ; CLK      ; 7        ; 7        ; 0        ; 0        ;
+------------+----------+----------+----------+----------+----------+
Entries labeled "false path" only account for clock-to-clock false paths and not path-based false paths. As a result, actual path counts may be lower than reported.


---------------
; Report TCCS ;
---------------
No dedicated SERDES Transmitter circuitry present in device or used in design


---------------
; Report RSKM ;
---------------
No dedicated SERDES Receiver circuitry present in device or used in design


+------------------------------------------------+
; Unconstrained Paths                            ;
+---------------------------------+-------+------+
; Property                        ; Setup ; Hold ;
+---------------------------------+-------+------+
; Illegal Clocks                  ; 0     ; 0    ;
; Unconstrained Clocks            ; 0     ; 0    ;
; Unconstrained Input Ports       ; 3     ; 3    ;
; Unconstrained Input Port Paths  ; 12    ; 12   ;
; Unconstrained Output Ports      ; 9     ; 9    ;
; Unconstrained Output Port Paths ; 9     ; 9    ;
+---------------------------------+-------+------+


+------------------------------------+
; TimeQuest Timing Analyzer Messages ;
+------------------------------------+
Info: *******************************************************************
Info: Running Quartus II 64-Bit TimeQuest Timing Analyzer
    Info: Version 13.0.1 Build 232 06/12/2013 Service Pack 1 SJ Web Edition
    Info: Processing started: Sun Nov 22 19:20:53 2015
Info: Command: quartus_sta lab4 -c lab4
Info: qsta_default_script.tcl version: #1
Warning (20028): Parallel compilation is not licensed and has been disabled
Info (21077): Low junction temperature is 0 degrees C
Info (21077): High junction temperature is 85 degrees C
Warning (335093): TimeQuest Timing Analyzer is analyzing 13 combinational loops as latches.
Critical Warning (332012): Synopsys Design Constraints File file not found: 'lab4.sdc'. A Synopsys Design Constraints File is required by the TimeQuest Timing Analyzer to get proper timing constraints. Without it, the Compiler will not properly optimize the design.
Info (332142): No user constrained base clocks found in the design. Calling "derive_clocks -period 1.0"
Info (332105): Deriving Clocks
    Info (332105): create_clock -period 1.000 -name CLK CLK
    Info (332105): create_clock -period 1.000 -name START START
    Info (332105): create_clock -period 1.000 -name y_present.B y_present.B
Info: Found TIMEQUEST_REPORT_SCRIPT_INCLUDE_DEFAULT_ANALYSIS = ON
Info: Analyzing Slow Model
Info (332140): No fmax paths to report
Critical Warning (332148): Timing requirements not met
Info (332146): Worst-case setup slack is -2.799
    Info (332119):     Slack End Point TNS Clock 
    Info (332119): ========= ============= =====================
    Info (332119):    -2.799       -16.352 CLK 
    Info (332119):    -0.594        -1.040 y_present.B 
    Info (332119):    -0.406        -0.797 START 
Info (332146): Worst-case hold slack is -2.477
    Info (332119):     Slack End Point TNS Clock 
    Info (332119): ========= ============= =====================
    Info (332119):    -2.477        -8.734 START 
    Info (332119):    -0.951        -1.899 y_present.B 
    Info (332119):     3.121         0.000 CLK 
Info (332146): Worst-case recovery slack is 0.237
    Info (332119):     Slack End Point TNS Clock 
    Info (332119): ========= ============= =====================
    Info (332119):     0.237         0.000 CLK 
Info (332146): Worst-case removal slack is -0.003
    Info (332119):     Slack End Point TNS Clock 
    Info (332119): ========= ============= =====================
    Info (332119):    -0.003        -0.018 CLK 
Info (332146): Worst-case minimum pulse width slack is -1.469
    Info (332119):     Slack End Point TNS Clock 
    Info (332119): ========= ============= =====================
    Info (332119):    -1.469       -10.023 CLK 
    Info (332119):    -1.469        -1.469 START 
    Info (332119):     0.500         0.000 y_present.B 
Info (332001): The selected device family is not supported by the report_metastability command.
Info: Analyzing Fast Model
Critical Warning (332148): Timing requirements not met
Info (332146): Worst-case setup slack is -1.180
    Info (332119):     Slack End Point TNS Clock 
    Info (332119): ========= ============= =====================
    Info (332119):    -1.180        -6.918 CLK 
    Info (332119):    -0.247        -0.247 y_present.B 
    Info (332119):     0.321         0.000 START 
Info (332146): Worst-case hold slack is -1.713
    Info (332119):     Slack End Point TNS Clock 
    Info (332119): ========= ============= =====================
    Info (332119):    -1.713        -3.361 START 
    Info (332119):    -0.256        -0.512 y_present.B 
    Info (332119):     1.901         0.000 CLK 
Info (332146): Worst-case recovery slack is 0.371
    Info (332119):     Slack End Point TNS Clock 
    Info (332119): ========= ============= =====================
    Info (332119):     0.371         0.000 CLK 
Info (332146): Worst-case removal slack is 0.000
    Info (332119):     Slack End Point TNS Clock 
    Info (332119): ========= ============= =====================
    Info (332119):     0.000         0.000 CLK 
Info (332146): Worst-case minimum pulse width slack is -1.222
    Info (332119):     Slack End Point TNS Clock 
    Info (332119): ========= ============= =====================
    Info (332119):    -1.222        -8.222 CLK 
    Info (332119):    -1.222        -1.222 START 
    Info (332119):     0.500         0.000 y_present.B 
Info (332001): The selected device family is not supported by the report_metastability command.
Info (332102): Design is not fully constrained for setup requirements
Info (332102): Design is not fully constrained for hold requirements
Info: Quartus II 64-Bit TimeQuest Timing Analyzer was successful. 0 errors, 5 warnings
    Info: Peak virtual memory: 396 megabytes
    Info: Processing ended: Sun Nov 22 19:20:55 2015
    Info: Elapsed time: 00:00:02
    Info: Total CPU time (on all processors): 00:00:01


