Flow report for g10_num_matches
Fri Oct 23 16:40:54 2015
Quartus II 64-Bit Version 13.0.1 Build 232 06/12/2013 Service Pack 1 SJ Full Version


---------------------
; Table of Contents ;
---------------------
  1. Legal Notice
  2. Flow Summary
  3. Flow Settings
  4. Flow Non-Default Global Settings
  5. Flow Elapsed Time
  6. Flow OS Summary
  7. Flow Log
  8. Flow Messages
  9. Flow Suppressed Messages



----------------
; Legal Notice ;
----------------
Copyright (C) 1991-2013 Altera Corporation
Your use of Altera Corporation's design tools, logic functions 
and other software and tools, and its AMPP partner logic 
functions, and any output files from any of the foregoing 
(including device programming or simulation files), and any 
associated documentation or information are expressly subject 
to the terms and conditions of the Altera Program License 
Subscription Agreement, Altera MegaCore Function License 
Agreement, or other applicable license agreement, including, 
without limitation, that your use is for the sole purpose of 
programming logic devices manufactured by Altera and sold by 
Altera or its authorized distributors.  Please refer to the 
applicable agreement for further details.



+---------------------------------------------------------------------------------------+
; Flow Summary                                                                          ;
+------------------------------------+--------------------------------------------------+
; Flow Status                        ; Successful - Fri Oct 23 16:40:54 2015            ;
; Quartus II 64-Bit Version          ; 13.0.1 Build 232 06/12/2013 SP 1 SJ Full Version ;
; Revision Name                      ; g10_num_matches                                  ;
; Top-level Entity Name              ; g10_mastermind_score                             ;
; Family                             ; Cyclone II                                       ;
; Device                             ; EP2C20F484C7                                     ;
; Timing Models                      ; Final                                            ;
; Total logic elements               ; 155 / 18,752 ( < 1 % )                           ;
;     Total combinational functions  ; 155 / 18,752 ( < 1 % )                           ;
;     Dedicated logic registers      ; 0 / 18,752 ( 0 % )                               ;
; Total registers                    ; 0                                                ;
; Total pins                         ; 34 / 315 ( 11 % )                                ;
; Total virtual pins                 ; 0                                                ;
; Total memory bits                  ; 0 / 239,616 ( 0 % )                              ;
; Embedded Multiplier 9-bit elements ; 0 / 52 ( 0 % )                                   ;
; Total PLLs                         ; 0 / 4 ( 0 % )                                    ;
+------------------------------------+--------------------------------------------------+


+-----------------------------------------+
; Flow Settings                           ;
+-------------------+---------------------+
; Option            ; Setting             ;
+-------------------+---------------------+
; Start date & time ; 10/23/2015 16:40:26 ;
; Main task         ; Compilation         ;
; Revision Name     ; g10_num_matches     ;
+-------------------+---------------------+


+---------------------------------------------------------------------------------------------------------------------------------------+
; Flow Non-Default Global Settings                                                                                                      ;
+-------------------------------------+---------------------------------------+-----------------+----------------------+----------------+
; Assignment Name                     ; Value                                 ; Default Value   ; Entity Name          ; Section Id     ;
+-------------------------------------+---------------------------------------+-----------------+----------------------+----------------+
; COMPILER_SIGNATURE_ID               ; 132129496018668.144563282617536       ; --              ; --                   ; --             ;
; EDA_OUTPUT_DATA_FORMAT              ; Vhdl                                  ; --              ; --                   ; eda_simulation ;
; EDA_SIMULATION_TOOL                 ; ModelSim-Altera (VHDL)                ; <None>          ; --                   ; --             ;
; MAX_CORE_JUNCTION_TEMP              ; 85                                    ; --              ; --                   ; --             ;
; MIN_CORE_JUNCTION_TEMP              ; 0                                     ; --              ; --                   ; --             ;
; PARTITION_COLOR                     ; 16764057                              ; --              ; g10_mastermind_score ; Top            ;
; PARTITION_FITTER_PRESERVATION_LEVEL ; PLACEMENT_AND_ROUTING                 ; --              ; g10_mastermind_score ; Top            ;
; PARTITION_NETLIST_TYPE              ; SOURCE                                ; --              ; g10_mastermind_score ; Top            ;
; POWER_BOARD_THERMAL_MODEL           ; None (CONSERVATIVE)                   ; --              ; --                   ; --             ;
; POWER_PRESET_COOLING_SOLUTION       ; 23 MM HEAT SINK WITH 200 LFPM AIRFLOW ; --              ; --                   ; --             ;
; PROJECT_OUTPUT_DIRECTORY            ; output_files                          ; --              ; --                   ; --             ;
; TOP_LEVEL_ENTITY                    ; g10_mastermind_score                  ; g10_num_matches ; --                   ; --             ;
+-------------------------------------+---------------------------------------+-----------------+----------------------+----------------+


+-------------------------------------------------------------------------------------------------------------------------------+
; Flow Elapsed Time                                                                                                             ;
+---------------------------+--------------+-------------------------+---------------------+------------------------------------+
; Module Name               ; Elapsed Time ; Average Processors Used ; Peak Virtual Memory ; Total CPU Time (on all processors) ;
+---------------------------+--------------+-------------------------+---------------------+------------------------------------+
; Analysis & Synthesis      ; 00:00:06     ; 1.0                     ; 507 MB              ; 00:00:03                           ;
; Fitter                    ; 00:00:06     ; 2.0                     ; 1062 MB             ; 00:00:04                           ;
; Assembler                 ; 00:00:04     ; 1.0                     ; 438 MB              ; 00:00:01                           ;
; TimeQuest Timing Analyzer ; 00:00:03     ; 1.0                     ; 431 MB              ; 00:00:01                           ;
; EDA Netlist Writer        ; 00:00:03     ; 1.0                     ; 385 MB              ; 00:00:01                           ;
; Total                     ; 00:00:22     ; --                      ; --                  ; 00:00:10                           ;
+---------------------------+--------------+-------------------------+---------------------+------------------------------------+


+----------------------------------------------------------------------------------------+
; Flow OS Summary                                                                        ;
+---------------------------+------------------+-----------+------------+----------------+
; Module Name               ; Machine Hostname ; OS Name   ; OS Version ; Processor type ;
+---------------------------+------------------+-----------+------------+----------------+
; Analysis & Synthesis      ; 156TR4060DS-02   ; Windows 7 ; 6.1        ; x86_64         ;
; Fitter                    ; 156TR4060DS-02   ; Windows 7 ; 6.1        ; x86_64         ;
; Assembler                 ; 156TR4060DS-02   ; Windows 7 ; 6.1        ; x86_64         ;
; TimeQuest Timing Analyzer ; 156TR4060DS-02   ; Windows 7 ; 6.1        ; x86_64         ;
; EDA Netlist Writer        ; 156TR4060DS-02   ; Windows 7 ; 6.1        ; x86_64         ;
+---------------------------+------------------+-----------+------------+----------------+


------------
; Flow Log ;
------------
quartus_map --read_settings_files=on --write_settings_files=off g10_num_matches -c g10_num_matches
quartus_fit --read_settings_files=off --write_settings_files=off g10_num_matches -c g10_num_matches
quartus_asm --read_settings_files=off --write_settings_files=off g10_num_matches -c g10_num_matches
quartus_sta g10_num_matches -c g10_num_matches
quartus_eda --read_settings_files=off --write_settings_files=off g10_num_matches -c g10_num_matches



